Collecting matplotlib
  Using cached https://files.pythonhosted.org/packages/51/fe/84ab101f8ab543d89b6a128326f62adcdafd2781ab8362a737e6ce78eea7/matplotlib-3.1.0.tar.gz
    ERROR: Complete output from command python setup.py egg_info:
    ERROR: _configtest.c:1:5: warning: conflicting types for built-in function ‘exp’ [enabled by default]
     int exp (void);
         ^
    _configtest.o: In function `main':
    /tmp/easy_install-e3i2z3zg/numpy-1.16.4/_configtest.c:6: undefined reference to `exp'
    collect2: error: ld returned 1 exit status
    _configtest.c:1:5: warning: conflicting types for built-in function ‘exp’ [enabled by default]
     int exp (void);
         ^
    _configtest.c:1:24: fatal error: sys/endian.h: No such file or directory
     #include <sys/endian.h>
                            ^
    compilation terminated.
    _configtest.c: In function ‘main’:
    _configtest.c:5:16: warning: variable ‘test_array’ set but not used [-Wunused-but-set-variable]
         static int test_array [1 - 2 * !(((long) (sizeof (npy_check_sizeof_type))) >= 0)];
                    ^
    _configtest.c: In function ‘main’:
    _configtest.c:5:16: warning: variable ‘test_array’ set but not used [-Wunused-but-set-variable]
         static int test_array [1 - 2 * !(((long) (sizeof (npy_check_sizeof_type))) == 4)];
                    ^
    _configtest.c: In function ‘main’:
    _configtest.c:5:16: warning: variable ‘test_array’ set but not used [-Wunused-but-set-variable]
         static int test_array [1 - 2 * !(((long) (sizeof (npy_check_sizeof_type))) >= 0)];
                    ^
    _configtest.c: In function ‘main’:
    _configtest.c:5:16: warning: variable ‘test_array’ set but not used [-Wunused-but-set-variable]
         static int test_array [1 - 2 * !(((long) (sizeof (npy_check_sizeof_type))) == 8)];
                    ^
    _configtest.c: In function ‘main’:
    _configtest.c:5:16: warning: variable ‘test_array’ set but not used [-Wunused-but-set-variable]
         static int test_array [1 - 2 * !(((long) (sizeof (npy_check_sizeof_type))) >= 0)];
                    ^
    _configtest.c: In function ‘main’:
    _configtest.c:5:16: warning: variable ‘test_array’ set but not used [-Wunused-but-set-variable]
         static int test_array [1 - 2 * !(((long) (sizeof (npy_check_sizeof_type))) == 8)];
                    ^
    _configtest.c: In function ‘main’:
    _configtest.c:5:16: warning: variable ‘test_array’ set but not used [-Wunused-but-set-variable]
         static int test_array [1 - 2 * !(((long) (sizeof (npy_check_sizeof_type))) >= 0)];
                    ^
    _configtest.c: In function ‘main’:
    _configtest.c:5:16: warning: variable ‘test_array’ set but not used [-Wunused-but-set-variable]
         static int test_array [1 - 2 * !(((long) (sizeof (npy_check_sizeof_type))) == 16)];
                    ^
    _configtest.c: In function ‘main’:
    _configtest.c:7:12: error: ‘SIZEOF_LONGDOUBLE’ undeclared (first use in this function)
         (void) SIZEOF_LONGDOUBLE;
                ^
    _configtest.c:7:12: note: each undeclared identifier is reported only once for each function it appears in
    _configtest.c: In function ‘main’:
    _configtest.c:5:16: warning: variable ‘test_array’ set but not used [-Wunused-but-set-variable]
         static int test_array [1 - 2 * !(((long) (sizeof (npy_check_sizeof_type))) >= 0)];
                    ^
    _configtest.c: In function ‘main’:
    _configtest.c:5:16: warning: variable ‘test_array’ set but not used [-Wunused-but-set-variable]
         static int test_array [1 - 2 * !(((long) (sizeof (npy_check_sizeof_type))) == 16)];
                    ^
    _configtest.c: In function ‘main’:
    _configtest.c:5:16: warning: variable ‘test_array’ set but not used [-Wunused-but-set-variable]
         static int test_array [1 - 2 * !(((long) (sizeof (npy_check_sizeof_type))) >= 0)];
                    ^
    _configtest.c: In function ‘main’:
    _configtest.c:5:16: warning: variable ‘test_array’ set but not used [-Wunused-but-set-variable]
         static int test_array [1 - 2 * !(((long) (sizeof (npy_check_sizeof_type))) == 32)];
                    ^
    _configtest.c: In function ‘main’:
    _configtest.c:7:16: warning: variable ‘test_array’ set but not used [-Wunused-but-set-variable]
         static int test_array [1 - 2 * !(((long) (sizeof (npy_check_sizeof_type))) >= 0)];
                    ^
    _configtest.c: In function ‘main’:
    _configtest.c:7:16: warning: variable ‘test_array’ set but not used [-Wunused-but-set-variable]
         static int test_array [1 - 2 * !(((long) (sizeof (npy_check_sizeof_type))) == 8)];
                    ^
    _configtest.c: In function ‘main’:
    _configtest.c:7:16: warning: variable ‘test_array’ set but not used [-Wunused-but-set-variable]
         static int test_array [1 - 2 * !(((long) (sizeof (npy_check_sizeof_type))) >= 0)];
                    ^
    _configtest.c: In function ‘main’:
    _configtest.c:7:16: warning: variable ‘test_array’ set but not used [-Wunused-but-set-variable]
         static int test_array [1 - 2 * !(((long) (sizeof (npy_check_sizeof_type))) == 8)];
                    ^
    _configtest.c: In function ‘main’:
    _configtest.c:7:16: warning: variable ‘test_array’ set but not used [-Wunused-but-set-variable]
         static int test_array [1 - 2 * !(((long) (sizeof (npy_check_sizeof_type))) >= 0)];
                    ^
    _configtest.c: In function ‘main’:
    _configtest.c:7:16: warning: variable ‘test_array’ set but not used [-Wunused-but-set-variable]
         static int test_array [1 - 2 * !(((long) (sizeof (npy_check_sizeof_type))) == 8)];
                    ^
    _configtest.c: In function ‘main’:
    _configtest.c:5:16: warning: variable ‘test_array’ set but not used [-Wunused-but-set-variable]
         static int test_array [1 - 2 * !(((long) (sizeof (npy_check_sizeof_type))) >= 0)];
                    ^
    _configtest.c: In function ‘main’:
    _configtest.c:5:16: warning: variable ‘test_array’ set but not used [-Wunused-but-set-variable]
         static int test_array [1 - 2 * !(((long) (sizeof (npy_check_sizeof_type))) == 8)];
                    ^
    _configtest.c:1:5: warning: conflicting types for built-in function ‘exp’ [enabled by default]
     int exp (void);
         ^
    _configtest.o: In function `main':
    /tmp/easy_install-e3i2z3zg/numpy-1.16.4/_configtest.c:6: undefined reference to `exp'
    collect2: error: ld returned 1 exit status
    _configtest.c:1:5: warning: conflicting types for built-in function ‘exp’ [enabled by default]
     int exp (void);
         ^
    _configtest.c:1:5: warning: conflicting types for built-in function ‘sin’ [enabled by default]
     int sin (void);
         ^
    _configtest.c:2:5: warning: conflicting types for built-in function ‘cos’ [enabled by default]
     int cos (void);
         ^
    _configtest.c:3:5: warning: conflicting types for built-in function ‘tan’ [enabled by default]
     int tan (void);
         ^
    _configtest.c:4:5: warning: conflicting types for built-in function ‘sinh’ [enabled by default]
     int sinh (void);
         ^
    _configtest.c:5:5: warning: conflicting types for built-in function ‘cosh’ [enabled by default]
     int cosh (void);
         ^
    _configtest.c:6:5: warning: conflicting types for built-in function ‘tanh’ [enabled by default]
     int tanh (void);
         ^
    _configtest.c:7:5: warning: conflicting types for built-in function ‘fabs’ [enabled by default]
     int fabs (void);
         ^
    _configtest.c:8:5: warning: conflicting types for built-in function ‘floor’ [enabled by default]
     int floor (void);
         ^
    _configtest.c:9:5: warning: conflicting types for built-in function ‘ceil’ [enabled by default]
     int ceil (void);
         ^
    _configtest.c:10:5: warning: conflicting types for built-in function ‘sqrt’ [enabled by default]
     int sqrt (void);
         ^
    _configtest.c:11:5: warning: conflicting types for built-in function ‘log10’ [enabled by default]
     int log10 (void);
         ^
    _configtest.c:12:5: warning: conflicting types for built-in function ‘log’ [enabled by default]
     int log (void);
         ^
    _configtest.c:13:5: warning: conflicting types for built-in function ‘exp’ [enabled by default]
     int exp (void);
         ^
    _configtest.c:14:5: warning: conflicting types for built-in function ‘asin’ [enabled by default]
     int asin (void);
         ^
    _configtest.c:15:5: warning: conflicting types for built-in function ‘acos’ [enabled by default]
     int acos (void);
         ^
    _configtest.c:16:5: warning: conflicting types for built-in function ‘atan’ [enabled by default]
     int atan (void);
         ^
    _configtest.c:17:5: warning: conflicting types for built-in function ‘fmod’ [enabled by default]
     int fmod (void);
         ^
    _configtest.c:18:5: warning: conflicting types for built-in function ‘modf’ [enabled by default]
     int modf (void);
         ^
    _configtest.c:19:5: warning: conflicting types for built-in function ‘frexp’ [enabled by default]
     int frexp (void);
         ^
    _configtest.c:20:5: warning: conflicting types for built-in function ‘ldexp’ [enabled by default]
     int ldexp (void);
         ^
    _configtest.c:1:5: warning: conflicting types for built-in function ‘rint’ [enabled by default]
     int rint (void);
         ^
    _configtest.c:2:5: warning: conflicting types for built-in function ‘trunc’ [enabled by default]
     int trunc (void);
         ^
    _configtest.c:3:5: warning: conflicting types for built-in function ‘exp2’ [enabled by default]
     int exp2 (void);
         ^
    _configtest.c:4:5: warning: conflicting types for built-in function ‘log2’ [enabled by default]
     int log2 (void);
         ^
    _configtest.c:5:5: warning: conflicting types for built-in function ‘atan2’ [enabled by default]
     int atan2 (void);
         ^
    _configtest.c:6:5: warning: conflicting types for built-in function ‘pow’ [enabled by default]
     int pow (void);
         ^
    _configtest.c:7:5: warning: conflicting types for built-in function ‘nextafter’ [enabled by default]
     int nextafter (void);
         ^
    _configtest.c:10:5: warning: conflicting types for built-in function ‘cbrt’ [enabled by default]
     int cbrt (void);
         ^
    _configtest.c: In function ‘main’:
    _configtest.c:5:3: warning: statement with no effect [-Wunused-value]
       __builtin_isnan(5.);
       ^
    _configtest.c: In function ‘main’:
    _configtest.c:5:3: warning: statement with no effect [-Wunused-value]
       __builtin_isinf(5.);
       ^
    _configtest.c: In function ‘main’:
    _configtest.c:5:3: warning: statement with no effect [-Wunused-value]
       __builtin_isfinite(5.);
       ^
    _configtest.c: In function ‘main’:
    _configtest.c:5:3: warning: statement with no effect [-Wunused-value]
       __builtin_bswap32(5u);
       ^
    _configtest.c: In function ‘main’:
    _configtest.c:5:3: warning: statement with no effect [-Wunused-value]
       __builtin_bswap64(5u);
       ^
    _configtest.c: In function ‘main’:
    _configtest.c:5:3: warning: statement with no effect [-Wunused-value]
       __builtin_expect(5, 0);
       ^
    _configtest.c: In function ‘main’:
    _configtest.c:5:3: warning: implicit declaration of function ‘__builtin_mul_overflow’ [-Wimplicit-function-declaration]
       __builtin_mul_overflow(5, 5, (int*)5);
       ^
    _configtest.o: In function `main':
    /tmp/easy_install-e3i2z3zg/numpy-1.16.4/_configtest.c:5: undefined reference to `__builtin_mul_overflow'
    collect2: error: ld returned 1 exit status
    _configtest.c: In function ‘main’:
    _configtest.c:7:16: warning: unused variable ‘r’ [-Wunused-variable]
       volatile int r = __builtin_cpu_supports("sse");
                    ^
    _configtest.c:3:0: warning: ignoring #pragma clang diagnostic [-Wunknown-pragmas]
     #pragma clang diagnostic error "-Wattributes"
     ^
    _configtest.c:3:0: warning: ignoring #pragma clang diagnostic [-Wunknown-pragmas]
     #pragma clang diagnostic error "-Wattributes"
     ^
    _configtest.c:3:0: warning: ignoring #pragma clang diagnostic [-Wunknown-pragmas]
     #pragma clang diagnostic error "-Wattributes"
     ^
    _configtest.c:3:0: warning: ignoring #pragma clang diagnostic [-Wunknown-pragmas]
     #pragma clang diagnostic error "-Wattributes"
     ^
    _configtest.c:3:0: warning: ignoring #pragma clang diagnostic [-Wunknown-pragmas]
     #pragma clang diagnostic error "-Wattributes"
     ^
    _configtest.c:3:0: warning: ignoring #pragma clang diagnostic [-Wunknown-pragmas]
     #pragma clang diagnostic error "-Wattributes"
     ^
    _configtest.c:3:0: warning: ignoring #pragma clang diagnostic [-Wunknown-pragmas]
     #pragma clang diagnostic error "-Wattributes"
     ^
    _configtest.c: In function ‘__declspec’:
    _configtest.c:5:24: error: expected declaration specifiers before ‘foo’
     int __declspec(thread) foo;
                            ^
    _configtest.c:9:1: error: expected ‘=’, ‘,’, ‘;’, ‘asm’ or ‘__attribute__’ before ‘{’ token
     {
     ^
    _configtest.c:11:1: error: expected ‘{’ at end of input
     }
     ^
    _configtest.c:11:1: warning: control reaches end of non-void function [-Wreturn-type]
     }
     ^
    _configtest.c:1:5: warning: conflicting types for built-in function ‘sinf’ [enabled by default]
     int sinf (void);
         ^
    _configtest.c:2:5: warning: conflicting types for built-in function ‘cosf’ [enabled by default]
     int cosf (void);
         ^
    _configtest.c:3:5: warning: conflicting types for built-in function ‘tanf’ [enabled by default]
     int tanf (void);
         ^
    _configtest.c:4:5: warning: conflicting types for built-in function ‘sinhf’ [enabled by default]
     int sinhf (void);
         ^
    _configtest.c:5:5: warning: conflicting types for built-in function ‘coshf’ [enabled by default]
     int coshf (void);
         ^
    _configtest.c:6:5: warning: conflicting types for built-in function ‘tanhf’ [enabled by default]
     int tanhf (void);
         ^
    _configtest.c:7:5: warning: conflicting types for built-in function ‘fabsf’ [enabled by default]
     int fabsf (void);
         ^
    _configtest.c:8:5: warning: conflicting types for built-in function ‘floorf’ [enabled by default]
     int floorf (void);
         ^
    _configtest.c:9:5: warning: conflicting types for built-in function ‘ceilf’ [enabled by default]
     int ceilf (void);
         ^
    _configtest.c:10:5: warning: conflicting types for built-in function ‘rintf’ [enabled by default]
     int rintf (void);
         ^
    _configtest.c:11:5: warning: conflicting types for built-in function ‘truncf’ [enabled by default]
     int truncf (void);
         ^
    _configtest.c:12:5: warning: conflicting types for built-in function ‘sqrtf’ [enabled by default]
     int sqrtf (void);
         ^
    _configtest.c:13:5: warning: conflicting types for built-in function ‘log10f’ [enabled by default]
     int log10f (void);
         ^
    _configtest.c:14:5: warning: conflicting types for built-in function ‘logf’ [enabled by default]
     int logf (void);
         ^
    _configtest.c:15:5: warning: conflicting types for built-in function ‘log1pf’ [enabled by default]
     int log1pf (void);
         ^
    _configtest.c:16:5: warning: conflicting types for built-in function ‘expf’ [enabled by default]
     int expf (void);
         ^
    _configtest.c:17:5: warning: conflicting types for built-in function ‘expm1f’ [enabled by default]
     int expm1f (void);
         ^
    _configtest.c:18:5: warning: conflicting types for built-in function ‘asinf’ [enabled by default]
     int asinf (void);
         ^
    _configtest.c:19:5: warning: conflicting types for built-in function ‘acosf’ [enabled by default]
     int acosf (void);
         ^
    _configtest.c:20:5: warning: conflicting types for built-in function ‘atanf’ [enabled by default]
     int atanf (void);
         ^
    _configtest.c:21:5: warning: conflicting types for built-in function ‘asinhf’ [enabled by default]
     int asinhf (void);
         ^
    _configtest.c:22:5: warning: conflicting types for built-in function ‘acoshf’ [enabled by default]
     int acoshf (void);
         ^
    _configtest.c:23:5: warning: conflicting types for built-in function ‘atanhf’ [enabled by default]
     int atanhf (void);
         ^
    _configtest.c:24:5: warning: conflicting types for built-in function ‘hypotf’ [enabled by default]
     int hypotf (void);
         ^
    _configtest.c:25:5: warning: conflicting types for built-in function ‘atan2f’ [enabled by default]
     int atan2f (void);
         ^
    _configtest.c:26:5: warning: conflicting types for built-in function ‘powf’ [enabled by default]
     int powf (void);
         ^
    _configtest.c:27:5: warning: conflicting types for built-in function ‘fmodf’ [enabled by default]
     int fmodf (void);
         ^
    _configtest.c:28:5: warning: conflicting types for built-in function ‘modff’ [enabled by default]
     int modff (void);
         ^
    _configtest.c:29:5: warning: conflicting types for built-in function ‘frexpf’ [enabled by default]
     int frexpf (void);
         ^
    _configtest.c:30:5: warning: conflicting types for built-in function ‘ldexpf’ [enabled by default]
     int ldexpf (void);
         ^
    _configtest.c:31:5: warning: conflicting types for built-in function ‘exp2f’ [enabled by default]
     int exp2f (void);
         ^
    _configtest.c:32:5: warning: conflicting types for built-in function ‘log2f’ [enabled by default]
     int log2f (void);
         ^
    _configtest.c:33:5: warning: conflicting types for built-in function ‘copysignf’ [enabled by default]
     int copysignf (void);
         ^
    _configtest.c:34:5: warning: conflicting types for built-in function ‘nextafterf’ [enabled by default]
     int nextafterf (void);
         ^
    _configtest.c:35:5: warning: conflicting types for built-in function ‘cbrtf’ [enabled by default]
     int cbrtf (void);
         ^
    _configtest.c:1:5: warning: conflicting types for built-in function ‘sinl’ [enabled by default]
     int sinl (void);
         ^
    _configtest.c:2:5: warning: conflicting types for built-in function ‘cosl’ [enabled by default]
     int cosl (void);
         ^
    _configtest.c:3:5: warning: conflicting types for built-in function ‘tanl’ [enabled by default]
     int tanl (void);
         ^
    _configtest.c:4:5: warning: conflicting types for built-in function ‘sinhl’ [enabled by default]
     int sinhl (void);
         ^
    _configtest.c:5:5: warning: conflicting types for built-in function ‘coshl’ [enabled by default]
     int coshl (void);
         ^
    _configtest.c:6:5: warning: conflicting types for built-in function ‘tanhl’ [enabled by default]
     int tanhl (void);
         ^
    _configtest.c:7:5: warning: conflicting types for built-in function ‘fabsl’ [enabled by default]
     int fabsl (void);
         ^
    _configtest.c:8:5: warning: conflicting types for built-in function ‘floorl’ [enabled by default]
     int floorl (void);
         ^
    _configtest.c:9:5: warning: conflicting types for built-in function ‘ceill’ [enabled by default]
     int ceill (void);
         ^
    _configtest.c:10:5: warning: conflicting types for built-in function ‘rintl’ [enabled by default]
     int rintl (void);
         ^
    _configtest.c:11:5: warning: conflicting types for built-in function ‘truncl’ [enabled by default]
     int truncl (void);
         ^
    _configtest.c:12:5: warning: conflicting types for built-in function ‘sqrtl’ [enabled by default]
     int sqrtl (void);
         ^
    _configtest.c:13:5: warning: conflicting types for built-in function ‘log10l’ [enabled by default]
     int log10l (void);
         ^
    _configtest.c:14:5: warning: conflicting types for built-in function ‘logl’ [enabled by default]
     int logl (void);
         ^
    _configtest.c:15:5: warning: conflicting types for built-in function ‘log1pl’ [enabled by default]
     int log1pl (void);
         ^
    _configtest.c:16:5: warning: conflicting types for built-in function ‘expl’ [enabled by default]
     int expl (void);
         ^
    _configtest.c:17:5: warning: conflicting types for built-in function ‘expm1l’ [enabled by default]
     int expm1l (void);
         ^
    _configtest.c:18:5: warning: conflicting types for built-in function ‘asinl’ [enabled by default]
     int asinl (void);
         ^
    _configtest.c:19:5: warning: conflicting types for built-in function ‘acosl’ [enabled by default]
     int acosl (void);
         ^
    _configtest.c:20:5: warning: conflicting types for built-in function ‘atanl’ [enabled by default]
     int atanl (void);
         ^
    _configtest.c:21:5: warning: conflicting types for built-in function ‘asinhl’ [enabled by default]
     int asinhl (void);
         ^
    _configtest.c:22:5: warning: conflicting types for built-in function ‘acoshl’ [enabled by default]
     int acoshl (void);
         ^
    _configtest.c:23:5: warning: conflicting types for built-in function ‘atanhl’ [enabled by default]
     int atanhl (void);
         ^
    _configtest.c:24:5: warning: conflicting types for built-in function ‘hypotl’ [enabled by default]
     int hypotl (void);
         ^
    _configtest.c:25:5: warning: conflicting types for built-in function ‘atan2l’ [enabled by default]
     int atan2l (void);
         ^
    _configtest.c:26:5: warning: conflicting types for built-in function ‘powl’ [enabled by default]
     int powl (void);
         ^
    _configtest.c:27:5: warning: conflicting types for built-in function ‘fmodl’ [enabled by default]
     int fmodl (void);
         ^
    _configtest.c:28:5: warning: conflicting types for built-in function ‘modfl’ [enabled by default]
     int modfl (void);
         ^
    _configtest.c:29:5: warning: conflicting types for built-in function ‘frexpl’ [enabled by default]
     int frexpl (void);
         ^
    _configtest.c:30:5: warning: conflicting types for built-in function ‘ldexpl’ [enabled by default]
     int ldexpl (void);
         ^
    _configtest.c:31:5: warning: conflicting types for built-in function ‘exp2l’ [enabled by default]
     int exp2l (void);
         ^
    _configtest.c:32:5: warning: conflicting types for built-in function ‘log2l’ [enabled by default]
     int log2l (void);
         ^
    _configtest.c:33:5: warning: conflicting types for built-in function ‘copysignl’ [enabled by default]
     int copysignl (void);
         ^
    _configtest.c:34:5: warning: conflicting types for built-in function ‘nextafterl’ [enabled by default]
     int nextafterl (void);
         ^
    _configtest.c:35:5: warning: conflicting types for built-in function ‘cbrtl’ [enabled by default]
     int cbrtl (void);
         ^
    _configtest.c: In function ‘main’:
    _configtest.c:8:12: error: ‘HAVE_DECL_SIGNBIT’ undeclared (first use in this function)
         (void) HAVE_DECL_SIGNBIT;
                ^
    _configtest.c:8:12: note: each undeclared identifier is reported only once for each function it appears in
    _configtest.c:1:5: warning: conflicting types for built-in function ‘cabs’ [enabled by default]
     int cabs (void);
         ^
    _configtest.c:2:5: warning: conflicting types for built-in function ‘cacos’ [enabled by default]
     int cacos (void);
         ^
    _configtest.c:3:5: warning: conflicting types for built-in function ‘cacosh’ [enabled by default]
     int cacosh (void);
         ^
    _configtest.c:4:5: warning: conflicting types for built-in function ‘carg’ [enabled by default]
     int carg (void);
         ^
    _configtest.c:5:5: warning: conflicting types for built-in function ‘casin’ [enabled by default]
     int casin (void);
         ^
    _configtest.c:6:5: warning: conflicting types for built-in function ‘casinh’ [enabled by default]
     int casinh (void);
         ^
    _configtest.c:7:5: warning: conflicting types for built-in function ‘catan’ [enabled by default]
     int catan (void);
         ^
    _configtest.c:8:5: warning: conflicting types for built-in function ‘catanh’ [enabled by default]
     int catanh (void);
         ^
    _configtest.c:9:5: warning: conflicting types for built-in function ‘ccos’ [enabled by default]
     int ccos (void);
         ^
    _configtest.c:10:5: warning: conflicting types for built-in function ‘ccosh’ [enabled by default]
     int ccosh (void);
         ^
    _configtest.c:11:5: warning: conflicting types for built-in function ‘cexp’ [enabled by default]
     int cexp (void);
         ^
    _configtest.c:12:5: warning: conflicting types for built-in function ‘cimag’ [enabled by default]
     int cimag (void);
         ^
    _configtest.c:13:5: warning: conflicting types for built-in function ‘clog’ [enabled by default]
     int clog (void);
         ^
    _configtest.c:14:5: warning: conflicting types for built-in function ‘conj’ [enabled by default]
     int conj (void);
         ^
    _configtest.c:15:5: warning: conflicting types for built-in function ‘cpow’ [enabled by default]
     int cpow (void);
         ^
    _configtest.c:16:5: warning: conflicting types for built-in function ‘cproj’ [enabled by default]
     int cproj (void);
         ^
    _configtest.c:17:5: warning: conflicting types for built-in function ‘creal’ [enabled by default]
     int creal (void);
         ^
    _configtest.c:18:5: warning: conflicting types for built-in function ‘csin’ [enabled by default]
     int csin (void);
         ^
    _configtest.c:19:5: warning: conflicting types for built-in function ‘csinh’ [enabled by default]
     int csinh (void);
         ^
    _configtest.c:20:5: warning: conflicting types for built-in function ‘csqrt’ [enabled by default]
     int csqrt (void);
         ^
    _configtest.c:21:5: warning: conflicting types for built-in function ‘ctan’ [enabled by default]
     int ctan (void);
         ^
    _configtest.c:22:5: warning: conflicting types for built-in function ‘ctanh’ [enabled by default]
     int ctanh (void);
         ^
    _configtest.c:1:5: warning: conflicting types for built-in function ‘cabsf’ [enabled by default]
     int cabsf (void);
         ^
    _configtest.c:2:5: warning: conflicting types for built-in function ‘cacosf’ [enabled by default]
     int cacosf (void);
         ^
    _configtest.c:3:5: warning: conflicting types for built-in function ‘cacoshf’ [enabled by default]
     int cacoshf (void);
         ^
    _configtest.c:4:5: warning: conflicting types for built-in function ‘cargf’ [enabled by default]
     int cargf (void);
         ^
    _configtest.c:5:5: warning: conflicting types for built-in function ‘casinf’ [enabled by default]
     int casinf (void);
         ^
    _configtest.c:6:5: warning: conflicting types for built-in function ‘casinhf’ [enabled by default]
     int casinhf (void);
         ^
    _configtest.c:7:5: warning: conflicting types for built-in function ‘catanf’ [enabled by default]
     int catanf (void);
         ^
    _configtest.c:8:5: warning: conflicting types for built-in function ‘catanhf’ [enabled by default]
     int catanhf (void);
         ^
    _configtest.c:9:5: warning: conflicting types for built-in function ‘ccosf’ [enabled by default]
     int ccosf (void);
         ^
    _configtest.c:10:5: warning: conflicting types for built-in function ‘ccoshf’ [enabled by default]
     int ccoshf (void);
         ^
    _configtest.c:11:5: warning: conflicting types for built-in function ‘cexpf’ [enabled by default]
     int cexpf (void);
         ^
    _configtest.c:12:5: warning: conflicting types for built-in function ‘cimagf’ [enabled by default]
     int cimagf (void);
         ^
    _configtest.c:13:5: warning: conflicting types for built-in function ‘clogf’ [enabled by default]
     int clogf (void);
         ^
    _configtest.c:14:5: warning: conflicting types for built-in function ‘conjf’ [enabled by default]
     int conjf (void);
         ^
    _configtest.c:15:5: warning: conflicting types for built-in function ‘cpowf’ [enabled by default]
     int cpowf (void);
         ^
    _configtest.c:16:5: warning: conflicting types for built-in function ‘cprojf’ [enabled by default]
     int cprojf (void);
         ^
    _configtest.c:17:5: warning: conflicting types for built-in function ‘crealf’ [enabled by default]
     int crealf (void);
         ^
    _configtest.c:18:5: warning: conflicting types for built-in function ‘csinf’ [enabled by default]
     int csinf (void);
         ^
    _configtest.c:19:5: warning: conflicting types for built-in function ‘csinhf’ [enabled by default]
     int csinhf (void);
         ^
    _configtest.c:20:5: warning: conflicting types for built-in function ‘csqrtf’ [enabled by default]
     int csqrtf (void);
         ^
    _configtest.c:21:5: warning: conflicting types for built-in function ‘ctanf’ [enabled by default]
     int ctanf (void);
         ^
    _configtest.c:22:5: warning: conflicting types for built-in function ‘ctanhf’ [enabled by default]
     int ctanhf (void);
         ^
    _configtest.c:1:5: warning: conflicting types for built-in function ‘cabsl’ [enabled by default]
     int cabsl (void);
         ^
    _configtest.c:2:5: warning: conflicting types for built-in function ‘cacosl’ [enabled by default]
     int cacosl (void);
         ^
    _configtest.c:3:5: warning: conflicting types for built-in function ‘cacoshl’ [enabled by default]
     int cacoshl (void);
         ^
    _configtest.c:4:5: warning: conflicting types for built-in function ‘cargl’ [enabled by default]
     int cargl (void);
         ^
    _configtest.c:5:5: warning: conflicting types for built-in function ‘casinl’ [enabled by default]
     int casinl (void);
         ^
    _configtest.c:6:5: warning: conflicting types for built-in function ‘casinhl’ [enabled by default]
     int casinhl (void);
         ^
    _configtest.c:7:5: warning: conflicting types for built-in function ‘catanl’ [enabled by default]
     int catanl (void);
         ^
    _configtest.c:8:5: warning: conflicting types for built-in function ‘catanhl’ [enabled by default]
     int catanhl (void);
         ^
    _configtest.c:9:5: warning: conflicting types for built-in function ‘ccosl’ [enabled by default]
     int ccosl (void);
         ^
    _configtest.c:10:5: warning: conflicting types for built-in function ‘ccoshl’ [enabled by default]
     int ccoshl (void);
         ^
    _configtest.c:11:5: warning: conflicting types for built-in function ‘cexpl’ [enabled by default]
     int cexpl (void);
         ^
    _configtest.c:12:5: warning: conflicting types for built-in function ‘cimagl’ [enabled by default]
     int cimagl (void);
         ^
    _configtest.c:13:5: warning: conflicting types for built-in function ‘clogl’ [enabled by default]
     int clogl (void);
         ^
    _configtest.c:14:5: warning: conflicting types for built-in function ‘conjl’ [enabled by default]
     int conjl (void);
         ^
    _configtest.c:15:5: warning: conflicting types for built-in function ‘cpowl’ [enabled by default]
     int cpowl (void);
         ^
    _configtest.c:16:5: warning: conflicting types for built-in function ‘cprojl’ [enabled by default]
     int cprojl (void);
         ^
    _configtest.c:17:5: warning: conflicting types for built-in function ‘creall’ [enabled by default]
     int creall (void);
         ^
    _configtest.c:18:5: warning: conflicting types for built-in function ‘csinl’ [enabled by default]
     int csinl (void);
         ^
    _configtest.c:19:5: warning: conflicting types for built-in function ‘csinhl’ [enabled by default]
     int csinhl (void);
         ^
    _configtest.c:20:5: warning: conflicting types for built-in function ‘csqrtl’ [enabled by default]
     int csqrtl (void);
         ^
    _configtest.c:21:5: warning: conflicting types for built-in function ‘ctanl’ [enabled by default]
     int ctanl (void);
         ^
    _configtest.c:22:5: warning: conflicting types for built-in function ‘ctanhl’ [enabled by default]
     int ctanhl (void);
         ^
    _configtest.c:2:41: error: expected ‘;’, ‘,’ or ‘)’ before ‘a’
     static int static_func (char * restrict a)
                                             ^
    _configtest.c:2:12: warning: ‘static_func’ defined but not used [-Wunused-function]
     static int static_func (char * __restrict__ a)
                ^
    _configtest.c:1:5: warning: conflicting types for built-in function ‘exp’ [enabled by default]
     int exp (void);
         ^
    _configtest.o: In function `main':
    /tmp/easy_install-e3i2z3zg/numpy-1.16.4/_configtest.c:6: undefined reference to `exp'
    collect2: error: ld returned 1 exit status
    _configtest.c:1:5: warning: conflicting types for built-in function ‘exp’ [enabled by default]
     int exp (void);
         ^
    _configtest.c:3:0: warning: ignoring #pragma clang diagnostic [-Wunknown-pragmas]
     #pragma clang diagnostic error "-Wattributes"
     ^
    ================================================================================
    Edit setup.cfg to change the build options
    
    BUILDING MATPLOTLIB
      matplotlib: yes [3.1.0]
          python: yes [3.8.0b1 (default, Jun 27 2019, 17:49:17)  [GCC 4.8.5 20150623
                      (Red Hat 4.8.5-16)]]
        platform: yes [linux]
    
    OPTIONAL SUBPACKAGES
     sample_data: yes [installing]
           tests: no  [skipping due to configuration]
    
    OPTIONAL BACKEND EXTENSIONS
             agg: yes [installing]
           tkagg: yes [installing; run-time loading from Python Tcl/Tk]
          macosx: no  [Mac OS-X only]
    
    OPTIONAL PACKAGE DATA
            dlls: no  [skipping due to configuration]
    
    non-existing path in 'numpy/distutils': 'site.cfg'
    File: build/src.linux-x86_64-3.8/numpy/core/include/numpy/config.h
    #define HAVE_ENDIAN_H 1
    #define SIZEOF_PY_INTPTR_T 8
    #define SIZEOF_OFF_T 8
    #define SIZEOF_PY_LONG_LONG 8
    #define MATHLIB m
    #define HAVE_SIN 1
    #define HAVE_COS 1
    #define HAVE_TAN 1
    #define HAVE_SINH 1
    #define HAVE_COSH 1
    #define HAVE_TANH 1
    #define HAVE_FABS 1
    #define HAVE_FLOOR 1
    #define HAVE_CEIL 1
    #define HAVE_SQRT 1
    #define HAVE_LOG10 1
    #define HAVE_LOG 1
    #define HAVE_EXP 1
    #define HAVE_ASIN 1
    #define HAVE_ACOS 1
    #define HAVE_ATAN 1
    #define HAVE_FMOD 1
    #define HAVE_MODF 1
    #define HAVE_FREXP 1
    #define HAVE_LDEXP 1
    #define HAVE_RINT 1
    #define HAVE_TRUNC 1
    #define HAVE_EXP2 1
    #define HAVE_LOG2 1
    #define HAVE_ATAN2 1
    #define HAVE_POW 1
    #define HAVE_NEXTAFTER 1
    #define HAVE_STRTOLL 1
    #define HAVE_STRTOULL 1
    #define HAVE_CBRT 1
    #define HAVE_STRTOLD_L 1
    #define HAVE_FALLOCATE 1
    #define HAVE_BACKTRACE 1
    #define HAVE_MADVISE 1
    #define HAVE_XMMINTRIN_H 1
    #define HAVE_EMMINTRIN_H 1
    #define HAVE_FEATURES_H 1
    #define HAVE_XLOCALE_H 1
    #define HAVE_DLFCN_H 1
    #define HAVE_SYS_MMAN_H 1
    #define HAVE___BUILTIN_ISNAN 1
    #define HAVE___BUILTIN_ISINF 1
    #define HAVE___BUILTIN_ISFINITE 1
    #define HAVE___BUILTIN_BSWAP32 1
    #define HAVE___BUILTIN_BSWAP64 1
    #define HAVE___BUILTIN_EXPECT 1
    #define HAVE___BUILTIN_CPU_SUPPORTS 1
    #define HAVE__M_FROM_INT64 1
    #define HAVE__MM_LOAD_PS 1
    #define HAVE__MM_PREFETCH 1
    #define HAVE__MM_LOAD_PD 1
    #define HAVE___BUILTIN_PREFETCH 1
    #define HAVE_LINK_AVX 1
    #define HAVE_LINK_AVX2 1
    #define HAVE_XGETBV 1
    #define HAVE_ATTRIBUTE_OPTIMIZE_UNROLL_LOOPS 1
    #define HAVE_ATTRIBUTE_OPTIMIZE_OPT_3 1
    #define HAVE_ATTRIBUTE_NONNULL 1
    #define HAVE_ATTRIBUTE_TARGET_AVX 1
    #define HAVE_ATTRIBUTE_TARGET_AVX2 1
    #define HAVE___THREAD 1
    #define HAVE_SINF 1
    #define HAVE_COSF 1
    #define HAVE_TANF 1
    #define HAVE_SINHF 1
    #define HAVE_COSHF 1
    #define HAVE_TANHF 1
    #define HAVE_FABSF 1
    #define HAVE_FLOORF 1
    #define HAVE_CEILF 1
    #define HAVE_RINTF 1
    #define HAVE_TRUNCF 1
    #define HAVE_SQRTF 1
    #define HAVE_LOG10F 1
    #define HAVE_LOGF 1
    #define HAVE_LOG1PF 1
    #define HAVE_EXPF 1
    #define HAVE_EXPM1F 1
    #define HAVE_ASINF 1
    #define HAVE_ACOSF 1
    #define HAVE_ATANF 1
    #define HAVE_ASINHF 1
    #define HAVE_ACOSHF 1
    #define HAVE_ATANHF 1
    #define HAVE_HYPOTF 1
    #define HAVE_ATAN2F 1
    #define HAVE_POWF 1
    #define HAVE_FMODF 1
    #define HAVE_MODFF 1
    #define HAVE_FREXPF 1
    #define HAVE_LDEXPF 1
    #define HAVE_EXP2F 1
    #define HAVE_LOG2F 1
    #define HAVE_COPYSIGNF 1
    #define HAVE_NEXTAFTERF 1
    #define HAVE_CBRTF 1
    #define HAVE_SINL 1
    #define HAVE_COSL 1
    #define HAVE_TANL 1
    #define HAVE_SINHL 1
    #define HAVE_COSHL 1
    #define HAVE_TANHL 1
    #define HAVE_FABSL 1
    #define HAVE_FLOORL 1
    #define HAVE_CEILL 1
    #define HAVE_RINTL 1
    #define HAVE_TRUNCL 1
    #define HAVE_SQRTL 1
    #define HAVE_LOG10L 1
    #define HAVE_LOGL 1
    #define HAVE_LOG1PL 1
    #define HAVE_EXPL 1
    #define HAVE_EXPM1L 1
    #define HAVE_ASINL 1
    #define HAVE_ACOSL 1
    #define HAVE_ATANL 1
    #define HAVE_ASINHL 1
    #define HAVE_ACOSHL 1
    #define HAVE_ATANHL 1
    #define HAVE_HYPOTL 1
    #define HAVE_ATAN2L 1
    #define HAVE_POWL 1
    #define HAVE_FMODL 1
    #define HAVE_MODFL 1
    #define HAVE_FREXPL 1
    #define HAVE_LDEXPL 1
    #define HAVE_EXP2L 1
    #define HAVE_LOG2L 1
    #define HAVE_COPYSIGNL 1
    #define HAVE_NEXTAFTERL 1
    #define HAVE_CBRTL 1
    #define HAVE_DECL_SIGNBIT
    #define HAVE_COMPLEX_H 1
    #define HAVE_CABS 1
    #define HAVE_CACOS 1
    #define HAVE_CACOSH 1
    #define HAVE_CARG 1
    #define HAVE_CASIN 1
    #define HAVE_CASINH 1
    #define HAVE_CATAN 1
    #define HAVE_CATANH 1
    #define HAVE_CCOS 1
    #define HAVE_CCOSH 1
    #define HAVE_CEXP 1
    #define HAVE_CIMAG 1
    #define HAVE_CLOG 1
    #define HAVE_CONJ 1
    #define HAVE_CPOW 1
    #define HAVE_CPROJ 1
    #define HAVE_CREAL 1
    #define HAVE_CSIN 1
    #define HAVE_CSINH 1
    #define HAVE_CSQRT 1
    #define HAVE_CTAN 1
    #define HAVE_CTANH 1
    #define HAVE_CABSF 1
    #define HAVE_CACOSF 1
    #define HAVE_CACOSHF 1
    #define HAVE_CARGF 1
    #define HAVE_CASINF 1
    #define HAVE_CASINHF 1
    #define HAVE_CATANF 1
    #define HAVE_CATANHF 1
    #define HAVE_CCOSF 1
    #define HAVE_CCOSHF 1
    #define HAVE_CEXPF 1
    #define HAVE_CIMAGF 1
    #define HAVE_CLOGF 1
    #define HAVE_CONJF 1
    #define HAVE_CPOWF 1
    #define HAVE_CPROJF 1
    #define HAVE_CREALF 1
    #define HAVE_CSINF 1
    #define HAVE_CSINHF 1
    #define HAVE_CSQRTF 1
    #define HAVE_CTANF 1
    #define HAVE_CTANHF 1
    #define HAVE_CABSL 1
    #define HAVE_CACOSL 1
    #define HAVE_CACOSHL 1
    #define HAVE_CARGL 1
    #define HAVE_CASINL 1
    #define HAVE_CASINHL 1
    #define HAVE_CATANL 1
    #define HAVE_CATANHL 1
    #define HAVE_CCOSL 1
    #define HAVE_CCOSHL 1
    #define HAVE_CEXPL 1
    #define HAVE_CIMAGL 1
    #define HAVE_CLOGL 1
    #define HAVE_CONJL 1
    #define HAVE_CPOWL 1
    #define HAVE_CPROJL 1
    #define HAVE_CREALL 1
    #define HAVE_CSINL 1
    #define HAVE_CSINHL 1
    #define HAVE_CSQRTL 1
    #define HAVE_CTANL 1
    #define HAVE_CTANHL 1
    #define NPY_RESTRICT __restrict__
    #define NPY_RELAXED_STRIDES_CHECKING 1
    #define HAVE_LDOUBLE_INTEL_EXTENDED_16_BYTES_LE 1
    #define NPY_PY3K 1
    #ifndef __cplusplus
    /* #undef inline */
    #endif
    
    #ifndef _NPY_NPY_CONFIG_H_
    #error config.h should never be included directly, include npy_config.h instead
    #endif
    
    EOF
    File: build/src.linux-x86_64-3.8/numpy/core/include/numpy/_numpyconfig.h
    #define NPY_HAVE_ENDIAN_H 1
    #define NPY_SIZEOF_SHORT SIZEOF_SHORT
    #define NPY_SIZEOF_INT SIZEOF_INT
    #define NPY_SIZEOF_LONG SIZEOF_LONG
    #define NPY_SIZEOF_FLOAT 4
    #define NPY_SIZEOF_COMPLEX_FLOAT 8
    #define NPY_SIZEOF_DOUBLE 8
    #define NPY_SIZEOF_COMPLEX_DOUBLE 16
    #define NPY_SIZEOF_LONGDOUBLE 16
    #define NPY_SIZEOF_COMPLEX_LONGDOUBLE 32
    #define NPY_SIZEOF_PY_INTPTR_T 8
    #define NPY_SIZEOF_OFF_T 8
    #define NPY_SIZEOF_PY_LONG_LONG 8
    #define NPY_SIZEOF_LONGLONG 8
    #define NPY_NO_SMP 0
    #define NPY_HAVE_DECL_ISNAN
    #define NPY_HAVE_DECL_ISINF
    #define NPY_HAVE_DECL_ISFINITE
    #define NPY_HAVE_DECL_SIGNBIT
    #define NPY_USE_C99_COMPLEX 1
    #define NPY_HAVE_COMPLEX_DOUBLE 1
    #define NPY_HAVE_COMPLEX_FLOAT 1
    #define NPY_HAVE_COMPLEX_LONG_DOUBLE 1
    #define NPY_RELAXED_STRIDES_CHECKING 1
    #define NPY_USE_C99_FORMATS 1
    #define NPY_VISIBILITY_HIDDEN __attribute__((visibility("hidden")))
    #define NPY_ABI_VERSION 0x01000009
    #define NPY_API_VERSION 0x0000000D
    
    #ifndef __STDC_FORMAT_MACROS
    #define __STDC_FORMAT_MACROS 1
    #endif
    
    EOF
    ### Warning:  Using unoptimized lapack ###
    ### Warning:  Using unoptimized lapack ###
    no previously-included directories found matching 'doc/build'
    no previously-included directories found matching 'doc/source/generated'
    no previously-included directories found matching 'benchmarks/env'
    no previously-included directories found matching 'benchmarks/results'
    no previously-included directories found matching 'benchmarks/html'
    no previously-included directories found matching 'benchmarks/numpy'
    warning: no previously-included files matching '*.pyo' found anywhere in distribution
    warning: no previously-included files matching '*.pyd' found anywhere in distribution
    warning: no previously-included files matching '*.swp' found anywhere in distribution
    warning: no previously-included files matching '*.bak' found anywhere in distribution
    warning: no previously-included files matching '*~' found anywhere in distribution
    numpy/core/src/npymath/npy_math_complex.c.src: In function ‘npy_casinhf’:
    numpy/core/src/npymath/npy_math_complex.c.src:1445:21: warning: unused variable ‘pio2_hi’ [-Wunused-variable]
         const @type@ pio2_hi = NPY_PI_2@c@;
                         ^
    numpy/core/src/npymath/npy_math_complex.c.src:1434:30: warning: unused variable ‘pio2_lo’ [-Wunused-variable]
         const volatile npy_float pio2_lo = 7.5497899549e-9f;
                                  ^
    numpy/core/src/npymath/npy_math_complex.c.src: In function ‘npy_casinh’:
    numpy/core/src/npymath/npy_math_complex.c.src:1445:22: warning: unused variable ‘pio2_hi’ [-Wunused-variable]
         const @type@ pio2_hi = NPY_PI_2@c@;
                          ^
    numpy/core/src/npymath/npy_math_complex.c.src:1438:31: warning: unused variable ‘pio2_lo’ [-Wunused-variable]
         const volatile npy_double pio2_lo = 6.1232339957367659e-17;
                                   ^
    numpy/core/src/npymath/npy_math_complex.c.src: In function ‘npy_casinhl’:
    numpy/core/src/npymath/npy_math_complex.c.src:1445:26: warning: unused variable ‘pio2_hi’ [-Wunused-variable]
         const @type@ pio2_hi = NPY_PI_2@c@;
                              ^
    numpy/core/src/npymath/npy_math_complex.c.src:1442:35: warning: unused variable ‘pio2_lo’ [-Wunused-variable]
         const volatile npy_longdouble pio2_lo = 2.710505431213761085e-20l;
                                       ^
    In file included from numpy/core/src/umath/loops.c.src:47:0:
    numpy/core/src/umath/simd.inc.src: In function ‘run_binary_simd_add_FLOAT’:
    numpy/core/src/umath/simd.inc.src:72:38: warning: comparison between signed and unsigned integer expressions [-Wsign-compare]
          ((abs_ptrdiff(args[2], args[1]) >= (vsize)) || \
                                          ^
    numpy/core/src/umath/simd.inc.src:195:9: note: in expansion of macro ‘IS_BLOCKABLE_BINARY_SCALAR1’
         if (IS_BLOCKABLE_BINARY_SCALAR1(sizeof(@type@), vector_size_bytes)) {
             ^
    numpy/core/src/umath/simd.inc.src:79:38: warning: comparison between signed and unsigned integer expressions [-Wsign-compare]
          ((abs_ptrdiff(args[2], args[0]) >= (vsize)) || \
                                          ^
    numpy/core/src/umath/simd.inc.src:200:14: note: in expansion of macro ‘IS_BLOCKABLE_BINARY_SCALAR2’
         else if (IS_BLOCKABLE_BINARY_SCALAR2(sizeof(@type@), vector_size_bytes)) {
                  ^
    numpy/core/src/umath/simd.inc.src:64:37: warning: comparison between signed and unsigned integer expressions [-Wsign-compare]
          (abs_ptrdiff(args[2], args[0]) >= (vsize) || \
                                         ^
    numpy/core/src/umath/simd.inc.src:204:14: note: in expansion of macro ‘IS_BLOCKABLE_BINARY’
         else if (IS_BLOCKABLE_BINARY(sizeof(@type@), vector_size_bytes)) {
                  ^
    numpy/core/src/umath/simd.inc.src:66:37: warning: comparison between signed and unsigned integer expressions [-Wsign-compare]
          (abs_ptrdiff(args[2], args[1]) >= (vsize) || \
                                         ^
    numpy/core/src/umath/simd.inc.src:204:14: note: in expansion of macro ‘IS_BLOCKABLE_BINARY’
         else if (IS_BLOCKABLE_BINARY(sizeof(@type@), vector_size_bytes)) {
                  ^
    numpy/core/src/umath/simd.inc.src: In function ‘run_binary_simd_subtract_FLOAT’:
    numpy/core/src/umath/simd.inc.src:72:38: warning: comparison between signed and unsigned integer expressions [-Wsign-compare]
          ((abs_ptrdiff(args[2], args[1]) >= (vsize)) || \
                                          ^
    numpy/core/src/umath/simd.inc.src:195:9: note: in expansion of macro ‘IS_BLOCKABLE_BINARY_SCALAR1’
         if (IS_BLOCKABLE_BINARY_SCALAR1(sizeof(@type@), vector_size_bytes)) {
             ^
    numpy/core/src/umath/simd.inc.src:79:38: warning: comparison between signed and unsigned integer expressions [-Wsign-compare]
          ((abs_ptrdiff(args[2], args[0]) >= (vsize)) || \
                                          ^
    numpy/core/src/umath/simd.inc.src:200:14: note: in expansion of macro ‘IS_BLOCKABLE_BINARY_SCALAR2’
         else if (IS_BLOCKABLE_BINARY_SCALAR2(sizeof(@type@), vector_size_bytes)) {
                  ^
    numpy/core/src/umath/simd.inc.src:64:37: warning: comparison between signed and unsigned integer expressions [-Wsign-compare]
          (abs_ptrdiff(args[2], args[0]) >= (vsize) || \
                                         ^
    numpy/core/src/umath/simd.inc.src:204:14: note: in expansion of macro ‘IS_BLOCKABLE_BINARY’
         else if (IS_BLOCKABLE_BINARY(sizeof(@type@), vector_size_bytes)) {
                  ^
    numpy/core/src/umath/simd.inc.src:66:37: warning: comparison between signed and unsigned integer expressions [-Wsign-compare]
          (abs_ptrdiff(args[2], args[1]) >= (vsize) || \
                                         ^
    numpy/core/src/umath/simd.inc.src:204:14: note: in expansion of macro ‘IS_BLOCKABLE_BINARY’
         else if (IS_BLOCKABLE_BINARY(sizeof(@type@), vector_size_bytes)) {
                  ^
    numpy/core/src/umath/simd.inc.src: In function ‘run_binary_simd_multiply_FLOAT’:
    numpy/core/src/umath/simd.inc.src:72:38: warning: comparison between signed and unsigned integer expressions [-Wsign-compare]
          ((abs_ptrdiff(args[2], args[1]) >= (vsize)) || \
                                          ^
    numpy/core/src/umath/simd.inc.src:195:9: note: in expansion of macro ‘IS_BLOCKABLE_BINARY_SCALAR1’
         if (IS_BLOCKABLE_BINARY_SCALAR1(sizeof(@type@), vector_size_bytes)) {
             ^
    numpy/core/src/umath/simd.inc.src:79:38: warning: comparison between signed and unsigned integer expressions [-Wsign-compare]
          ((abs_ptrdiff(args[2], args[0]) >= (vsize)) || \
                                          ^
    numpy/core/src/umath/simd.inc.src:200:14: note: in expansion of macro ‘IS_BLOCKABLE_BINARY_SCALAR2’
         else if (IS_BLOCKABLE_BINARY_SCALAR2(sizeof(@type@), vector_size_bytes)) {
                  ^
    numpy/core/src/umath/simd.inc.src:64:37: warning: comparison between signed and unsigned integer expressions [-Wsign-compare]
          (abs_ptrdiff(args[2], args[0]) >= (vsize) || \
                                         ^
    numpy/core/src/umath/simd.inc.src:204:14: note: in expansion of macro ‘IS_BLOCKABLE_BINARY’
         else if (IS_BLOCKABLE_BINARY(sizeof(@type@), vector_size_bytes)) {
                  ^
    numpy/core/src/umath/simd.inc.src:66:37: warning: comparison between signed and unsigned integer expressions [-Wsign-compare]
          (abs_ptrdiff(args[2], args[1]) >= (vsize) || \
                                         ^
    numpy/core/src/umath/simd.inc.src:204:14: note: in expansion of macro ‘IS_BLOCKABLE_BINARY’
         else if (IS_BLOCKABLE_BINARY(sizeof(@type@), vector_size_bytes)) {
                  ^
    numpy/core/src/umath/simd.inc.src: In function ‘run_binary_simd_divide_FLOAT’:
    numpy/core/src/umath/simd.inc.src:72:38: warning: comparison between signed and unsigned integer expressions [-Wsign-compare]
          ((abs_ptrdiff(args[2], args[1]) >= (vsize)) || \
                                          ^
    numpy/core/src/umath/simd.inc.src:195:9: note: in expansion of macro ‘IS_BLOCKABLE_BINARY_SCALAR1’
         if (IS_BLOCKABLE_BINARY_SCALAR1(sizeof(@type@), vector_size_bytes)) {
             ^
    numpy/core/src/umath/simd.inc.src:79:38: warning: comparison between signed and unsigned integer expressions [-Wsign-compare]
          ((abs_ptrdiff(args[2], args[0]) >= (vsize)) || \
                                          ^
    numpy/core/src/umath/simd.inc.src:200:14: note: in expansion of macro ‘IS_BLOCKABLE_BINARY_SCALAR2’
         else if (IS_BLOCKABLE_BINARY_SCALAR2(sizeof(@type@), vector_size_bytes)) {
                  ^
    numpy/core/src/umath/simd.inc.src:64:37: warning: comparison between signed and unsigned integer expressions [-Wsign-compare]
          (abs_ptrdiff(args[2], args[0]) >= (vsize) || \
                                         ^
    numpy/core/src/umath/simd.inc.src:204:14: note: in expansion of macro ‘IS_BLOCKABLE_BINARY’
         else if (IS_BLOCKABLE_BINARY(sizeof(@type@), vector_size_bytes)) {
                  ^
    numpy/core/src/umath/simd.inc.src:66:37: warning: comparison between signed and unsigned integer expressions [-Wsign-compare]
          (abs_ptrdiff(args[2], args[1]) >= (vsize) || \
                                         ^
    numpy/core/src/umath/simd.inc.src:204:14: note: in expansion of macro ‘IS_BLOCKABLE_BINARY’
         else if (IS_BLOCKABLE_BINARY(sizeof(@type@), vector_size_bytes)) {
                  ^
    numpy/core/src/umath/simd.inc.src: In function ‘run_binary_simd_add_DOUBLE’:
    numpy/core/src/umath/simd.inc.src:72:38: warning: comparison between signed and unsigned integer expressions [-Wsign-compare]
          ((abs_ptrdiff(args[2], args[1]) >= (vsize)) || \
                                          ^
    numpy/core/src/umath/simd.inc.src:195:9: note: in expansion of macro ‘IS_BLOCKABLE_BINARY_SCALAR1’
         if (IS_BLOCKABLE_BINARY_SCALAR1(sizeof(@type@), vector_size_bytes)) {
             ^
    numpy/core/src/umath/simd.inc.src:79:38: warning: comparison between signed and unsigned integer expressions [-Wsign-compare]
          ((abs_ptrdiff(args[2], args[0]) >= (vsize)) || \
                                          ^
    numpy/core/src/umath/simd.inc.src:200:14: note: in expansion of macro ‘IS_BLOCKABLE_BINARY_SCALAR2’
         else if (IS_BLOCKABLE_BINARY_SCALAR2(sizeof(@type@), vector_size_bytes)) {
                  ^
    numpy/core/src/umath/simd.inc.src:64:37: warning: comparison between signed and unsigned integer expressions [-Wsign-compare]
          (abs_ptrdiff(args[2], args[0]) >= (vsize) || \
                                         ^
    numpy/core/src/umath/simd.inc.src:204:14: note: in expansion of macro ‘IS_BLOCKABLE_BINARY’
         else if (IS_BLOCKABLE_BINARY(sizeof(@type@), vector_size_bytes)) {
                  ^
    numpy/core/src/umath/simd.inc.src:66:37: warning: comparison between signed and unsigned integer expressions [-Wsign-compare]
          (abs_ptrdiff(args[2], args[1]) >= (vsize) || \
                                         ^
    numpy/core/src/umath/simd.inc.src:204:14: note: in expansion of macro ‘IS_BLOCKABLE_BINARY’
         else if (IS_BLOCKABLE_BINARY(sizeof(@type@), vector_size_bytes)) {
                  ^
    numpy/core/src/umath/simd.inc.src: In function ‘run_binary_simd_subtract_DOUBLE’:
    numpy/core/src/umath/simd.inc.src:72:38: warning: comparison between signed and unsigned integer expressions [-Wsign-compare]
          ((abs_ptrdiff(args[2], args[1]) >= (vsize)) || \
                                          ^
    numpy/core/src/umath/simd.inc.src:195:9: note: in expansion of macro ‘IS_BLOCKABLE_BINARY_SCALAR1’
         if (IS_BLOCKABLE_BINARY_SCALAR1(sizeof(@type@), vector_size_bytes)) {
             ^
    numpy/core/src/umath/simd.inc.src:79:38: warning: comparison between signed and unsigned integer expressions [-Wsign-compare]
          ((abs_ptrdiff(args[2], args[0]) >= (vsize)) || \
                                          ^
    numpy/core/src/umath/simd.inc.src:200:14: note: in expansion of macro ‘IS_BLOCKABLE_BINARY_SCALAR2’
         else if (IS_BLOCKABLE_BINARY_SCALAR2(sizeof(@type@), vector_size_bytes)) {
                  ^
    numpy/core/src/umath/simd.inc.src:64:37: warning: comparison between signed and unsigned integer expressions [-Wsign-compare]
          (abs_ptrdiff(args[2], args[0]) >= (vsize) || \
                                         ^
    numpy/core/src/umath/simd.inc.src:204:14: note: in expansion of macro ‘IS_BLOCKABLE_BINARY’
         else if (IS_BLOCKABLE_BINARY(sizeof(@type@), vector_size_bytes)) {
                  ^
    numpy/core/src/umath/simd.inc.src:66:37: warning: comparison between signed and unsigned integer expressions [-Wsign-compare]
          (abs_ptrdiff(args[2], args[1]) >= (vsize) || \
                                         ^
    numpy/core/src/umath/simd.inc.src:204:14: note: in expansion of macro ‘IS_BLOCKABLE_BINARY’
         else if (IS_BLOCKABLE_BINARY(sizeof(@type@), vector_size_bytes)) {
                  ^
    numpy/core/src/umath/simd.inc.src: In function ‘run_binary_simd_multiply_DOUBLE’:
    numpy/core/src/umath/simd.inc.src:72:38: warning: comparison between signed and unsigned integer expressions [-Wsign-compare]
          ((abs_ptrdiff(args[2], args[1]) >= (vsize)) || \
                                          ^
    numpy/core/src/umath/simd.inc.src:195:9: note: in expansion of macro ‘IS_BLOCKABLE_BINARY_SCALAR1’
         if (IS_BLOCKABLE_BINARY_SCALAR1(sizeof(@type@), vector_size_bytes)) {
             ^
    numpy/core/src/umath/simd.inc.src:79:38: warning: comparison between signed and unsigned integer expressions [-Wsign-compare]
          ((abs_ptrdiff(args[2], args[0]) >= (vsize)) || \
                                          ^
    numpy/core/src/umath/simd.inc.src:200:14: note: in expansion of macro ‘IS_BLOCKABLE_BINARY_SCALAR2’
         else if (IS_BLOCKABLE_BINARY_SCALAR2(sizeof(@type@), vector_size_bytes)) {
                  ^
    numpy/core/src/umath/simd.inc.src:64:37: warning: comparison between signed and unsigned integer expressions [-Wsign-compare]
          (abs_ptrdiff(args[2], args[0]) >= (vsize) || \
                                         ^
    numpy/core/src/umath/simd.inc.src:204:14: note: in expansion of macro ‘IS_BLOCKABLE_BINARY’
         else if (IS_BLOCKABLE_BINARY(sizeof(@type@), vector_size_bytes)) {
                  ^
    numpy/core/src/umath/simd.inc.src:66:37: warning: comparison between signed and unsigned integer expressions [-Wsign-compare]
          (abs_ptrdiff(args[2], args[1]) >= (vsize) || \
                                         ^
    numpy/core/src/umath/simd.inc.src:204:14: note: in expansion of macro ‘IS_BLOCKABLE_BINARY’
         else if (IS_BLOCKABLE_BINARY(sizeof(@type@), vector_size_bytes)) {
                  ^
    numpy/core/src/umath/simd.inc.src: In function ‘run_binary_simd_divide_DOUBLE’:
    numpy/core/src/umath/simd.inc.src:72:38: warning: comparison between signed and unsigned integer expressions [-Wsign-compare]
          ((abs_ptrdiff(args[2], args[1]) >= (vsize)) || \
                                          ^
    numpy/core/src/umath/simd.inc.src:195:9: note: in expansion of macro ‘IS_BLOCKABLE_BINARY_SCALAR1’
         if (IS_BLOCKABLE_BINARY_SCALAR1(sizeof(@type@), vector_size_bytes)) {
             ^
    numpy/core/src/umath/simd.inc.src:79:38: warning: comparison between signed and unsigned integer expressions [-Wsign-compare]
          ((abs_ptrdiff(args[2], args[0]) >= (vsize)) || \
                                          ^
    numpy/core/src/umath/simd.inc.src:200:14: note: in expansion of macro ‘IS_BLOCKABLE_BINARY_SCALAR2’
         else if (IS_BLOCKABLE_BINARY_SCALAR2(sizeof(@type@), vector_size_bytes)) {
                  ^
    numpy/core/src/umath/simd.inc.src:64:37: warning: comparison between signed and unsigned integer expressions [-Wsign-compare]
          (abs_ptrdiff(args[2], args[0]) >= (vsize) || \
                                         ^
    numpy/core/src/umath/simd.inc.src:204:14: note: in expansion of macro ‘IS_BLOCKABLE_BINARY’
         else if (IS_BLOCKABLE_BINARY(sizeof(@type@), vector_size_bytes)) {
                  ^
    numpy/core/src/umath/simd.inc.src:66:37: warning: comparison between signed and unsigned integer expressions [-Wsign-compare]
          (abs_ptrdiff(args[2], args[1]) >= (vsize) || \
                                         ^
    numpy/core/src/umath/simd.inc.src:204:14: note: in expansion of macro ‘IS_BLOCKABLE_BINARY’
         else if (IS_BLOCKABLE_BINARY(sizeof(@type@), vector_size_bytes)) {
                  ^
    numpy/core/src/npymath/npy_math_complex.c.src: In function ‘npy_casinhf’:
    numpy/core/src/npymath/npy_math_complex.c.src:1445:21: warning: unused variable ‘pio2_hi’ [-Wunused-variable]
         const @type@ pio2_hi = NPY_PI_2@c@;
                         ^
    numpy/core/src/npymath/npy_math_complex.c.src:1434:30: warning: unused variable ‘pio2_lo’ [-Wunused-variable]
         const volatile npy_float pio2_lo = 7.5497899549e-9f;
                                  ^
    numpy/core/src/npymath/npy_math_complex.c.src: In function ‘npy_casinh’:
    numpy/core/src/npymath/npy_math_complex.c.src:1445:22: warning: unused variable ‘pio2_hi’ [-Wunused-variable]
         const @type@ pio2_hi = NPY_PI_2@c@;
                          ^
    numpy/core/src/npymath/npy_math_complex.c.src:1438:31: warning: unused variable ‘pio2_lo’ [-Wunused-variable]
         const volatile npy_double pio2_lo = 6.1232339957367659e-17;
                                   ^
    numpy/core/src/npymath/npy_math_complex.c.src: In function ‘npy_casinhl’:
    numpy/core/src/npymath/npy_math_complex.c.src:1445:26: warning: unused variable ‘pio2_hi’ [-Wunused-variable]
         const @type@ pio2_hi = NPY_PI_2@c@;
                              ^
    numpy/core/src/npymath/npy_math_complex.c.src:1442:35: warning: unused variable ‘pio2_lo’ [-Wunused-variable]
         const volatile npy_longdouble pio2_lo = 2.710505431213761085e-20l;
                                       ^
    numpy/core/src/umath/ufunc_object.c: In function ‘_parse_signature’:
    numpy/core/src/umath/ufunc_object.c:657:19: warning: comparison between signed and unsigned integer expressions [-Wsign-compare]
         for (i = 0; i < len; i++) {
                       ^
    numpy/linalg/lapack_lite/f2c_blas.c: In function ‘cgemm_’:
    numpy/linalg/lapack_lite/f2c_blas.c:383:20: warning: variable ‘ncola’ set but not used [-Wunused-but-set-variable]
         static integer ncola;
                        ^
    numpy/linalg/lapack_lite/f2c_blas.c: In function ‘dgemm_’:
    numpy/linalg/lapack_lite/f2c_blas.c:6853:20: warning: variable ‘ncola’ set but not used [-Wunused-but-set-variable]
         static integer ncola;
                        ^
    numpy/linalg/lapack_lite/f2c_blas.c: In function ‘sgemm_’:
    numpy/linalg/lapack_lite/f2c_blas.c:11457:20: warning: variable ‘ncola’ set but not used [-Wunused-but-set-variable]
         static integer ncola;
                        ^
    numpy/linalg/lapack_lite/f2c_blas.c: In function ‘zgemm_’:
    numpy/linalg/lapack_lite/f2c_blas.c:15670:20: warning: variable ‘ncola’ set but not used [-Wunused-but-set-variable]
         static integer ncola;
                        ^
    numpy/random/mtrand/mtrand.c: In function ‘__Pyx_InitCachedConstants’:
    numpy/random/mtrand/mtrand.c:40364:3: warning: passing argument 6 of ‘PyCode_New’ makes integer from pointer without a cast [enabled by default]
       __pyx_codeobj__78 = (PyObject*)__Pyx_PyCode_New(4, 0, 12, 0, CO_OPTIMIZED|CO_NEWLOCALS, __pyx_empty_bytes, __pyx_empty_tuple, __pyx_empty_tuple, __pyx_tuple__77, __pyx_empty_tuple, __pyx_empty_tuple, __pyx_kp_s_randint_helpers_pxi, __pyx_n_s_rand_bool, 5, __pyx_empty_bytes); if (unlikely(!__pyx_codeobj__78)) __PYX_ERR(2, 5, __pyx_L1_error)
       ^
    In file included from /mnt/e15/schwarz/software/python3/install/include/python3.8/compile.h:5:0,
                     from /mnt/e15/schwarz/software/python3/install/include/python3.8/Python.h:138,
                     from numpy/random/mtrand/mtrand.c:4:
    /mnt/e15/schwarz/software/python3/install/include/python3.8/code.h:122:28: note: expected ‘int’ but argument is of type ‘struct PyObject *’
     PyAPI_FUNC(PyCodeObject *) PyCode_New(
                                ^
    numpy/random/mtrand/mtrand.c:40364:3: warning: passing argument 14 of ‘PyCode_New’ makes pointer from integer without a cast [enabled by default]
       __pyx_codeobj__78 = (PyObject*)__Pyx_PyCode_New(4, 0, 12, 0, CO_OPTIMIZED|CO_NEWLOCALS, __pyx_empty_bytes, __pyx_empty_tuple, __pyx_empty_tuple, __pyx_tuple__77, __pyx_empty_tuple, __pyx_empty_tuple, __pyx_kp_s_randint_helpers_pxi, __pyx_n_s_rand_bool, 5, __pyx_empty_bytes); if (unlikely(!__pyx_codeobj__78)) __PYX_ERR(2, 5, __pyx_L1_error)
       ^
    In file included from /mnt/e15/schwarz/software/python3/install/include/python3.8/compile.h:5:0,
                     from /mnt/e15/schwarz/software/python3/install/include/python3.8/Python.h:138,
                     from numpy/random/mtrand/mtrand.c:4:
    /mnt/e15/schwarz/software/python3/install/include/python3.8/code.h:122:28: note: expected ‘struct PyObject *’ but argument is of type ‘int’
     PyAPI_FUNC(PyCodeObject *) PyCode_New(
                                ^
    numpy/random/mtrand/mtrand.c:40364:3: warning: passing argument 15 of ‘PyCode_New’ makes integer from pointer without a cast [enabled by default]
       __pyx_codeobj__78 = (PyObject*)__Pyx_PyCode_New(4, 0, 12, 0, CO_OPTIMIZED|CO_NEWLOCALS, __pyx_empty_bytes, __pyx_empty_tuple, __pyx_empty_tuple, __pyx_tuple__77, __pyx_empty_tuple, __pyx_empty_tuple, __pyx_kp_s_randint_helpers_pxi, __pyx_n_s_rand_bool, 5, __pyx_empty_bytes); if (unlikely(!__pyx_codeobj__78)) __PYX_ERR(2, 5, __pyx_L1_error)
       ^
    In file included from /mnt/e15/schwarz/software/python3/install/include/python3.8/compile.h:5:0,
                     from /mnt/e15/schwarz/software/python3/install/include/python3.8/Python.h:138,
                     from numpy/random/mtrand/mtrand.c:4:
    /mnt/e15/schwarz/software/python3/install/include/python3.8/code.h:122:28: note: expected ‘int’ but argument is of type ‘struct PyObject *’
     PyAPI_FUNC(PyCodeObject *) PyCode_New(
                                ^
    numpy/random/mtrand/mtrand.c:40364:3: error: too few arguments to function ‘PyCode_New’
       __pyx_codeobj__78 = (PyObject*)__Pyx_PyCode_New(4, 0, 12, 0, CO_OPTIMIZED|CO_NEWLOCALS, __pyx_empty_bytes, __pyx_empty_tuple, __pyx_empty_tuple, __pyx_tuple__77, __pyx_empty_tuple, __pyx_empty_tuple, __pyx_kp_s_randint_helpers_pxi, __pyx_n_s_rand_bool, 5, __pyx_empty_bytes); if (unlikely(!__pyx_codeobj__78)) __PYX_ERR(2, 5, __pyx_L1_error)
       ^
    In file included from /mnt/e15/schwarz/software/python3/install/include/python3.8/compile.h:5:0,
                     from /mnt/e15/schwarz/software/python3/install/include/python3.8/Python.h:138,
                     from numpy/random/mtrand/mtrand.c:4:
    /mnt/e15/schwarz/software/python3/install/include/python3.8/code.h:122:28: note: declared here
     PyAPI_FUNC(PyCodeObject *) PyCode_New(
                                ^
    numpy/random/mtrand/mtrand.c:40376:3: warning: passing argument 6 of ‘PyCode_New’ makes integer from pointer without a cast [enabled by default]
       __pyx_codeobj__80 = (PyObject*)__Pyx_PyCode_New(4, 0, 12, 0, CO_OPTIMIZED|CO_NEWLOCALS, __pyx_empty_bytes, __pyx_empty_tuple, __pyx_empty_tuple, __pyx_tuple__79, __pyx_empty_tuple, __pyx_empty_tuple, __pyx_kp_s_randint_helpers_pxi, __pyx_n_s_rand_int8, 56, __pyx_empty_bytes); if (unlikely(!__pyx_codeobj__80)) __PYX_ERR(2, 56, __pyx_L1_error)
       ^
    In file included from /mnt/e15/schwarz/software/python3/install/include/python3.8/compile.h:5:0,
                     from /mnt/e15/schwarz/software/python3/install/include/python3.8/Python.h:138,
                     from numpy/random/mtrand/mtrand.c:4:
    /mnt/e15/schwarz/software/python3/install/include/python3.8/code.h:122:28: note: expected ‘int’ but argument is of type ‘struct PyObject *’
     PyAPI_FUNC(PyCodeObject *) PyCode_New(
                                ^
    numpy/random/mtrand/mtrand.c:40376:3: warning: passing argument 14 of ‘PyCode_New’ makes pointer from integer without a cast [enabled by default]
       __pyx_codeobj__80 = (PyObject*)__Pyx_PyCode_New(4, 0, 12, 0, CO_OPTIMIZED|CO_NEWLOCALS, __pyx_empty_bytes, __pyx_empty_tuple, __pyx_empty_tuple, __pyx_tuple__79, __pyx_empty_tuple, __pyx_empty_tuple, __pyx_kp_s_randint_helpers_pxi, __pyx_n_s_rand_int8, 56, __pyx_empty_bytes); if (unlikely(!__pyx_codeobj__80)) __PYX_ERR(2, 56, __pyx_L1_error)
       ^
    In file included from /mnt/e15/schwarz/software/python3/install/include/python3.8/compile.h:5:0,
                     from /mnt/e15/schwarz/software/python3/install/include/python3.8/Python.h:138,
                     from numpy/random/mtrand/mtrand.c:4:
    /mnt/e15/schwarz/software/python3/install/include/python3.8/code.h:122:28: note: expected ‘struct PyObject *’ but argument is of type ‘int’
     PyAPI_FUNC(PyCodeObject *) PyCode_New(
                                ^
    numpy/random/mtrand/mtrand.c:40376:3: warning: passing argument 15 of ‘PyCode_New’ makes integer from pointer without a cast [enabled by default]
       __pyx_codeobj__80 = (PyObject*)__Pyx_PyCode_New(4, 0, 12, 0, CO_OPTIMIZED|CO_NEWLOCALS, __pyx_empty_bytes, __pyx_empty_tuple, __pyx_empty_tuple, __pyx_tuple__79, __pyx_empty_tuple, __pyx_empty_tuple, __pyx_kp_s_randint_helpers_pxi, __pyx_n_s_rand_int8, 56, __pyx_empty_bytes); if (unlikely(!__pyx_codeobj__80)) __PYX_ERR(2, 56, __pyx_L1_error)
       ^
    In file included from /mnt/e15/schwarz/software/python3/install/include/python3.8/compile.h:5:0,
                     from /mnt/e15/schwarz/software/python3/install/include/python3.8/Python.h:138,
                     from numpy/random/mtrand/mtrand.c:4:
    /mnt/e15/schwarz/software/python3/install/include/python3.8/code.h:122:28: note: expected ‘int’ but argument is of type ‘struct PyObject *’
     PyAPI_FUNC(PyCodeObject *) PyCode_New(
                                ^
    numpy/random/mtrand/mtrand.c:40376:3: error: too few arguments to function ‘PyCode_New’
       __pyx_codeobj__80 = (PyObject*)__Pyx_PyCode_New(4, 0, 12, 0, CO_OPTIMIZED|CO_NEWLOCALS, __pyx_empty_bytes, __pyx_empty_tuple, __pyx_empty_tuple, __pyx_tuple__79, __pyx_empty_tuple, __pyx_empty_tuple, __pyx_kp_s_randint_helpers_pxi, __pyx_n_s_rand_int8, 56, __pyx_empty_bytes); if (unlikely(!__pyx_codeobj__80)) __PYX_ERR(2, 56, __pyx_L1_error)
       ^
    In file included from /mnt/e15/schwarz/software/python3/install/include/python3.8/compile.h:5:0,
                     from /mnt/e15/schwarz/software/python3/install/include/python3.8/Python.h:138,
                     from numpy/random/mtrand/mtrand.c:4:
    /mnt/e15/schwarz/software/python3/install/include/python3.8/code.h:122:28: note: declared here
     PyAPI_FUNC(PyCodeObject *) PyCode_New(
                                ^
    numpy/random/mtrand/mtrand.c:40388:3: warning: passing argument 6 of ‘PyCode_New’ makes integer from pointer without a cast [enabled by default]
       __pyx_codeobj__82 = (PyObject*)__Pyx_PyCode_New(4, 0, 12, 0, CO_OPTIMIZED|CO_NEWLOCALS, __pyx_empty_bytes, __pyx_empty_tuple, __pyx_empty_tuple, __pyx_tuple__81, __pyx_empty_tuple, __pyx_empty_tuple, __pyx_kp_s_randint_helpers_pxi, __pyx_n_s_rand_int16, 107, __pyx_empty_bytes); if (unlikely(!__pyx_codeobj__82)) __PYX_ERR(2, 107, __pyx_L1_error)
       ^
    In file included from /mnt/e15/schwarz/software/python3/install/include/python3.8/compile.h:5:0,
                     from /mnt/e15/schwarz/software/python3/install/include/python3.8/Python.h:138,
                     from numpy/random/mtrand/mtrand.c:4:
    /mnt/e15/schwarz/software/python3/install/include/python3.8/code.h:122:28: note: expected ‘int’ but argument is of type ‘struct PyObject *’
     PyAPI_FUNC(PyCodeObject *) PyCode_New(
                                ^
    numpy/random/mtrand/mtrand.c:40388:3: warning: passing argument 14 of ‘PyCode_New’ makes pointer from integer without a cast [enabled by default]
       __pyx_codeobj__82 = (PyObject*)__Pyx_PyCode_New(4, 0, 12, 0, CO_OPTIMIZED|CO_NEWLOCALS, __pyx_empty_bytes, __pyx_empty_tuple, __pyx_empty_tuple, __pyx_tuple__81, __pyx_empty_tuple, __pyx_empty_tuple, __pyx_kp_s_randint_helpers_pxi, __pyx_n_s_rand_int16, 107, __pyx_empty_bytes); if (unlikely(!__pyx_codeobj__82)) __PYX_ERR(2, 107, __pyx_L1_error)
       ^
    In file included from /mnt/e15/schwarz/software/python3/install/include/python3.8/compile.h:5:0,
                     from /mnt/e15/schwarz/software/python3/install/include/python3.8/Python.h:138,
                     from numpy/random/mtrand/mtrand.c:4:
    /mnt/e15/schwarz/software/python3/install/include/python3.8/code.h:122:28: note: expected ‘struct PyObject *’ but argument is of type ‘int’
     PyAPI_FUNC(PyCodeObject *) PyCode_New(
                                ^
    numpy/random/mtrand/mtrand.c:40388:3: warning: passing argument 15 of ‘PyCode_New’ makes integer from pointer without a cast [enabled by default]
       __pyx_codeobj__82 = (PyObject*)__Pyx_PyCode_New(4, 0, 12, 0, CO_OPTIMIZED|CO_NEWLOCALS, __pyx_empty_bytes, __pyx_empty_tuple, __pyx_empty_tuple, __pyx_tuple__81, __pyx_empty_tuple, __pyx_empty_tuple, __pyx_kp_s_randint_helpers_pxi, __pyx_n_s_rand_int16, 107, __pyx_empty_bytes); if (unlikely(!__pyx_codeobj__82)) __PYX_ERR(2, 107, __pyx_L1_error)
       ^
    In file included from /mnt/e15/schwarz/software/python3/install/include/python3.8/compile.h:5:0,
                     from /mnt/e15/schwarz/software/python3/install/include/python3.8/Python.h:138,
                     from numpy/random/mtrand/mtrand.c:4:
    /mnt/e15/schwarz/software/python3/install/include/python3.8/code.h:122:28: note: expected ‘int’ but argument is of type ‘struct PyObject *’
     PyAPI_FUNC(PyCodeObject *) PyCode_New(
                                ^
    numpy/random/mtrand/mtrand.c:40388:3: error: too few arguments to function ‘PyCode_New’
       __pyx_codeobj__82 = (PyObject*)__Pyx_PyCode_New(4, 0, 12, 0, CO_OPTIMIZED|CO_NEWLOCALS, __pyx_empty_bytes, __pyx_empty_tuple, __pyx_empty_tuple, __pyx_tuple__81, __pyx_empty_tuple, __pyx_empty_tuple, __pyx_kp_s_randint_helpers_pxi, __pyx_n_s_rand_int16, 107, __pyx_empty_bytes); if (unlikely(!__pyx_codeobj__82)) __PYX_ERR(2, 107, __pyx_L1_error)
       ^
    In file included from /mnt/e15/schwarz/software/python3/install/include/python3.8/compile.h:5:0,
                     from /mnt/e15/schwarz/software/python3/install/include/python3.8/Python.h:138,
                     from numpy/random/mtrand/mtrand.c:4:
    /mnt/e15/schwarz/software/python3/install/include/python3.8/code.h:122:28: note: declared here
     PyAPI_FUNC(PyCodeObject *) PyCode_New(
                                ^
    numpy/random/mtrand/mtrand.c:40400:3: warning: passing argument 6 of ‘PyCode_New’ makes integer from pointer without a cast [enabled by default]
       __pyx_codeobj__84 = (PyObject*)__Pyx_PyCode_New(4, 0, 12, 0, CO_OPTIMIZED|CO_NEWLOCALS, __pyx_empty_bytes, __pyx_empty_tuple, __pyx_empty_tuple, __pyx_tuple__83, __pyx_empty_tuple, __pyx_empty_tuple, __pyx_kp_s_randint_helpers_pxi, __pyx_n_s_rand_int32, 158, __pyx_empty_bytes); if (unlikely(!__pyx_codeobj__84)) __PYX_ERR(2, 158, __pyx_L1_error)
       ^
    In file included from /mnt/e15/schwarz/software/python3/install/include/python3.8/compile.h:5:0,
                     from /mnt/e15/schwarz/software/python3/install/include/python3.8/Python.h:138,
                     from numpy/random/mtrand/mtrand.c:4:
    /mnt/e15/schwarz/software/python3/install/include/python3.8/code.h:122:28: note: expected ‘int’ but argument is of type ‘struct PyObject *’
     PyAPI_FUNC(PyCodeObject *) PyCode_New(
                                ^
    numpy/random/mtrand/mtrand.c:40400:3: warning: passing argument 14 of ‘PyCode_New’ makes pointer from integer without a cast [enabled by default]
       __pyx_codeobj__84 = (PyObject*)__Pyx_PyCode_New(4, 0, 12, 0, CO_OPTIMIZED|CO_NEWLOCALS, __pyx_empty_bytes, __pyx_empty_tuple, __pyx_empty_tuple, __pyx_tuple__83, __pyx_empty_tuple, __pyx_empty_tuple, __pyx_kp_s_randint_helpers_pxi, __pyx_n_s_rand_int32, 158, __pyx_empty_bytes); if (unlikely(!__pyx_codeobj__84)) __PYX_ERR(2, 158, __pyx_L1_error)
       ^
    In file included from /mnt/e15/schwarz/software/python3/install/include/python3.8/compile.h:5:0,
                     from /mnt/e15/schwarz/software/python3/install/include/python3.8/Python.h:138,
                     from numpy/random/mtrand/mtrand.c:4:
    /mnt/e15/schwarz/software/python3/install/include/python3.8/code.h:122:28: note: expected ‘struct PyObject *’ but argument is of type ‘int’
     PyAPI_FUNC(PyCodeObject *) PyCode_New(
                                ^
    numpy/random/mtrand/mtrand.c:40400:3: warning: passing argument 15 of ‘PyCode_New’ makes integer from pointer without a cast [enabled by default]
       __pyx_codeobj__84 = (PyObject*)__Pyx_PyCode_New(4, 0, 12, 0, CO_OPTIMIZED|CO_NEWLOCALS, __pyx_empty_bytes, __pyx_empty_tuple, __pyx_empty_tuple, __pyx_tuple__83, __pyx_empty_tuple, __pyx_empty_tuple, __pyx_kp_s_randint_helpers_pxi, __pyx_n_s_rand_int32, 158, __pyx_empty_bytes); if (unlikely(!__pyx_codeobj__84)) __PYX_ERR(2, 158, __pyx_L1_error)
       ^
    In file included from /mnt/e15/schwarz/software/python3/install/include/python3.8/compile.h:5:0,
                     from /mnt/e15/schwarz/software/python3/install/include/python3.8/Python.h:138,
                     from numpy/random/mtrand/mtrand.c:4:
    /mnt/e15/schwarz/software/python3/install/include/python3.8/code.h:122:28: note: expected ‘int’ but argument is of type ‘struct PyObject *’
     PyAPI_FUNC(PyCodeObject *) PyCode_New(
                                ^
    numpy/random/mtrand/mtrand.c:40400:3: error: too few arguments to function ‘PyCode_New’
       __pyx_codeobj__84 = (PyObject*)__Pyx_PyCode_New(4, 0, 12, 0, CO_OPTIMIZED|CO_NEWLOCALS, __pyx_empty_bytes, __pyx_empty_tuple, __pyx_empty_tuple, __pyx_tuple__83, __pyx_empty_tuple, __pyx_empty_tuple, __pyx_kp_s_randint_helpers_pxi, __pyx_n_s_rand_int32, 158, __pyx_empty_bytes); if (unlikely(!__pyx_codeobj__84)) __PYX_ERR(2, 158, __pyx_L1_error)
       ^
    In file included from /mnt/e15/schwarz/software/python3/install/include/python3.8/compile.h:5:0,
                     from /mnt/e15/schwarz/software/python3/install/include/python3.8/Python.h:138,
                     from numpy/random/mtrand/mtrand.c:4:
    /mnt/e15/schwarz/software/python3/install/include/python3.8/code.h:122:28: note: declared here
     PyAPI_FUNC(PyCodeObject *) PyCode_New(
                                ^
    numpy/random/mtrand/mtrand.c:40412:3: warning: passing argument 6 of ‘PyCode_New’ makes integer from pointer without a cast [enabled by default]
       __pyx_codeobj__86 = (PyObject*)__Pyx_PyCode_New(4, 0, 12, 0, CO_OPTIMIZED|CO_NEWLOCALS, __pyx_empty_bytes, __pyx_empty_tuple, __pyx_empty_tuple, __pyx_tuple__85, __pyx_empty_tuple, __pyx_empty_tuple, __pyx_kp_s_randint_helpers_pxi, __pyx_n_s_rand_int64, 209, __pyx_empty_bytes); if (unlikely(!__pyx_codeobj__86)) __PYX_ERR(2, 209, __pyx_L1_error)
       ^
    In file included from /mnt/e15/schwarz/software/python3/install/include/python3.8/compile.h:5:0,
                     from /mnt/e15/schwarz/software/python3/install/include/python3.8/Python.h:138,
                     from numpy/random/mtrand/mtrand.c:4:
    /mnt/e15/schwarz/software/python3/install/include/python3.8/code.h:122:28: note: expected ‘int’ but argument is of type ‘struct PyObject *’
     PyAPI_FUNC(PyCodeObject *) PyCode_New(
                                ^
    numpy/random/mtrand/mtrand.c:40412:3: warning: passing argument 14 of ‘PyCode_New’ makes pointer from integer without a cast [enabled by default]
       __pyx_codeobj__86 = (PyObject*)__Pyx_PyCode_New(4, 0, 12, 0, CO_OPTIMIZED|CO_NEWLOCALS, __pyx_empty_bytes, __pyx_empty_tuple, __pyx_empty_tuple, __pyx_tuple__85, __pyx_empty_tuple, __pyx_empty_tuple, __pyx_kp_s_randint_helpers_pxi, __pyx_n_s_rand_int64, 209, __pyx_empty_bytes); if (unlikely(!__pyx_codeobj__86)) __PYX_ERR(2, 209, __pyx_L1_error)
       ^
    In file included from /mnt/e15/schwarz/software/python3/install/include/python3.8/compile.h:5:0,
                     from /mnt/e15/schwarz/software/python3/install/include/python3.8/Python.h:138,
                     from numpy/random/mtrand/mtrand.c:4:
    /mnt/e15/schwarz/software/python3/install/include/python3.8/code.h:122:28: note: expected ‘struct PyObject *’ but argument is of type ‘int’
     PyAPI_FUNC(PyCodeObject *) PyCode_New(
                                ^
    numpy/random/mtrand/mtrand.c:40412:3: warning: passing argument 15 of ‘PyCode_New’ makes integer from pointer without a cast [enabled by default]
       __pyx_codeobj__86 = (PyObject*)__Pyx_PyCode_New(4, 0, 12, 0, CO_OPTIMIZED|CO_NEWLOCALS, __pyx_empty_bytes, __pyx_empty_tuple, __pyx_empty_tuple, __pyx_tuple__85, __pyx_empty_tuple, __pyx_empty_tuple, __pyx_kp_s_randint_helpers_pxi, __pyx_n_s_rand_int64, 209, __pyx_empty_bytes); if (unlikely(!__pyx_codeobj__86)) __PYX_ERR(2, 209, __pyx_L1_error)
       ^
    In file included from /mnt/e15/schwarz/software/python3/install/include/python3.8/compile.h:5:0,
                     from /mnt/e15/schwarz/software/python3/install/include/python3.8/Python.h:138,
                     from numpy/random/mtrand/mtrand.c:4:
    /mnt/e15/schwarz/software/python3/install/include/python3.8/code.h:122:28: note: expected ‘int’ but argument is of type ‘struct PyObject *’
     PyAPI_FUNC(PyCodeObject *) PyCode_New(
                                ^
    numpy/random/mtrand/mtrand.c:40412:3: error: too few arguments to function ‘PyCode_New’
       __pyx_codeobj__86 = (PyObject*)__Pyx_PyCode_New(4, 0, 12, 0, CO_OPTIMIZED|CO_NEWLOCALS, __pyx_empty_bytes, __pyx_empty_tuple, __pyx_empty_tuple, __pyx_tuple__85, __pyx_empty_tuple, __pyx_empty_tuple, __pyx_kp_s_randint_helpers_pxi, __pyx_n_s_rand_int64, 209, __pyx_empty_bytes); if (unlikely(!__pyx_codeobj__86)) __PYX_ERR(2, 209, __pyx_L1_error)
       ^
    In file included from /mnt/e15/schwarz/software/python3/install/include/python3.8/compile.h:5:0,
                     from /mnt/e15/schwarz/software/python3/install/include/python3.8/Python.h:138,
                     from numpy/random/mtrand/mtrand.c:4:
    /mnt/e15/schwarz/software/python3/install/include/python3.8/code.h:122:28: note: declared here
     PyAPI_FUNC(PyCodeObject *) PyCode_New(
                                ^
    numpy/random/mtrand/mtrand.c:40424:3: warning: passing argument 6 of ‘PyCode_New’ makes integer from pointer without a cast [enabled by default]
       __pyx_codeobj__88 = (PyObject*)__Pyx_PyCode_New(4, 0, 12, 0, CO_OPTIMIZED|CO_NEWLOCALS, __pyx_empty_bytes, __pyx_empty_tuple, __pyx_empty_tuple, __pyx_tuple__87, __pyx_empty_tuple, __pyx_empty_tuple, __pyx_kp_s_randint_helpers_pxi, __pyx_n_s_rand_uint8, 260, __pyx_empty_bytes); if (unlikely(!__pyx_codeobj__88)) __PYX_ERR(2, 260, __pyx_L1_error)
       ^
    In file included from /mnt/e15/schwarz/software/python3/install/include/python3.8/compile.h:5:0,
                     from /mnt/e15/schwarz/software/python3/install/include/python3.8/Python.h:138,
                     from numpy/random/mtrand/mtrand.c:4:
    /mnt/e15/schwarz/software/python3/install/include/python3.8/code.h:122:28: note: expected ‘int’ but argument is of type ‘struct PyObject *’
     PyAPI_FUNC(PyCodeObject *) PyCode_New(
                                ^
    numpy/random/mtrand/mtrand.c:40424:3: warning: passing argument 14 of ‘PyCode_New’ makes pointer from integer without a cast [enabled by default]
       __pyx_codeobj__88 = (PyObject*)__Pyx_PyCode_New(4, 0, 12, 0, CO_OPTIMIZED|CO_NEWLOCALS, __pyx_empty_bytes, __pyx_empty_tuple, __pyx_empty_tuple, __pyx_tuple__87, __pyx_empty_tuple, __pyx_empty_tuple, __pyx_kp_s_randint_helpers_pxi, __pyx_n_s_rand_uint8, 260, __pyx_empty_bytes); if (unlikely(!__pyx_codeobj__88)) __PYX_ERR(2, 260, __pyx_L1_error)
       ^
    In file included from /mnt/e15/schwarz/software/python3/install/include/python3.8/compile.h:5:0,
                     from /mnt/e15/schwarz/software/python3/install/include/python3.8/Python.h:138,
                     from numpy/random/mtrand/mtrand.c:4:
    /mnt/e15/schwarz/software/python3/install/include/python3.8/code.h:122:28: note: expected ‘struct PyObject *’ but argument is of type ‘int’
     PyAPI_FUNC(PyCodeObject *) PyCode_New(
                                ^
    numpy/random/mtrand/mtrand.c:40424:3: warning: passing argument 15 of ‘PyCode_New’ makes integer from pointer without a cast [enabled by default]
       __pyx_codeobj__88 = (PyObject*)__Pyx_PyCode_New(4, 0, 12, 0, CO_OPTIMIZED|CO_NEWLOCALS, __pyx_empty_bytes, __pyx_empty_tuple, __pyx_empty_tuple, __pyx_tuple__87, __pyx_empty_tuple, __pyx_empty_tuple, __pyx_kp_s_randint_helpers_pxi, __pyx_n_s_rand_uint8, 260, __pyx_empty_bytes); if (unlikely(!__pyx_codeobj__88)) __PYX_ERR(2, 260, __pyx_L1_error)
       ^
    In file included from /mnt/e15/schwarz/software/python3/install/include/python3.8/compile.h:5:0,
                     from /mnt/e15/schwarz/software/python3/install/include/python3.8/Python.h:138,
                     from numpy/random/mtrand/mtrand.c:4:
    /mnt/e15/schwarz/software/python3/install/include/python3.8/code.h:122:28: note: expected ‘int’ but argument is of type ‘struct PyObject *’
     PyAPI_FUNC(PyCodeObject *) PyCode_New(
                                ^
    numpy/random/mtrand/mtrand.c:40424:3: error: too few arguments to function ‘PyCode_New’
       __pyx_codeobj__88 = (PyObject*)__Pyx_PyCode_New(4, 0, 12, 0, CO_OPTIMIZED|CO_NEWLOCALS, __pyx_empty_bytes, __pyx_empty_tuple, __pyx_empty_tuple, __pyx_tuple__87, __pyx_empty_tuple, __pyx_empty_tuple, __pyx_kp_s_randint_helpers_pxi, __pyx_n_s_rand_uint8, 260, __pyx_empty_bytes); if (unlikely(!__pyx_codeobj__88)) __PYX_ERR(2, 260, __pyx_L1_error)
       ^
    In file included from /mnt/e15/schwarz/software/python3/install/include/python3.8/compile.h:5:0,
                     from /mnt/e15/schwarz/software/python3/install/include/python3.8/Python.h:138,
                     from numpy/random/mtrand/mtrand.c:4:
    /mnt/e15/schwarz/software/python3/install/include/python3.8/code.h:122:28: note: declared here
     PyAPI_FUNC(PyCodeObject *) PyCode_New(
                                ^
    numpy/random/mtrand/mtrand.c:40436:3: warning: passing argument 6 of ‘PyCode_New’ makes integer from pointer without a cast [enabled by default]
       __pyx_codeobj__90 = (PyObject*)__Pyx_PyCode_New(4, 0, 12, 0, CO_OPTIMIZED|CO_NEWLOCALS, __pyx_empty_bytes, __pyx_empty_tuple, __pyx_empty_tuple, __pyx_tuple__89, __pyx_empty_tuple, __pyx_empty_tuple, __pyx_kp_s_randint_helpers_pxi, __pyx_n_s_rand_uint16, 311, __pyx_empty_bytes); if (unlikely(!__pyx_codeobj__90)) __PYX_ERR(2, 311, __pyx_L1_error)
       ^
    In file included from /mnt/e15/schwarz/software/python3/install/include/python3.8/compile.h:5:0,
                     from /mnt/e15/schwarz/software/python3/install/include/python3.8/Python.h:138,
                     from numpy/random/mtrand/mtrand.c:4:
    /mnt/e15/schwarz/software/python3/install/include/python3.8/code.h:122:28: note: expected ‘int’ but argument is of type ‘struct PyObject *’
     PyAPI_FUNC(PyCodeObject *) PyCode_New(
                                ^
    numpy/random/mtrand/mtrand.c:40436:3: warning: passing argument 14 of ‘PyCode_New’ makes pointer from integer without a cast [enabled by default]
       __pyx_codeobj__90 = (PyObject*)__Pyx_PyCode_New(4, 0, 12, 0, CO_OPTIMIZED|CO_NEWLOCALS, __pyx_empty_bytes, __pyx_empty_tuple, __pyx_empty_tuple, __pyx_tuple__89, __pyx_empty_tuple, __pyx_empty_tuple, __pyx_kp_s_randint_helpers_pxi, __pyx_n_s_rand_uint16, 311, __pyx_empty_bytes); if (unlikely(!__pyx_codeobj__90)) __PYX_ERR(2, 311, __pyx_L1_error)
       ^
    In file included from /mnt/e15/schwarz/software/python3/install/include/python3.8/compile.h:5:0,
                     from /mnt/e15/schwarz/software/python3/install/include/python3.8/Python.h:138,
                     from numpy/random/mtrand/mtrand.c:4:
    /mnt/e15/schwarz/software/python3/install/include/python3.8/code.h:122:28: note: expected ‘struct PyObject *’ but argument is of type ‘int’
     PyAPI_FUNC(PyCodeObject *) PyCode_New(
                                ^
    numpy/random/mtrand/mtrand.c:40436:3: warning: passing argument 15 of ‘PyCode_New’ makes integer from pointer without a cast [enabled by default]
       __pyx_codeobj__90 = (PyObject*)__Pyx_PyCode_New(4, 0, 12, 0, CO_OPTIMIZED|CO_NEWLOCALS, __pyx_empty_bytes, __pyx_empty_tuple, __pyx_empty_tuple, __pyx_tuple__89, __pyx_empty_tuple, __pyx_empty_tuple, __pyx_kp_s_randint_helpers_pxi, __pyx_n_s_rand_uint16, 311, __pyx_empty_bytes); if (unlikely(!__pyx_codeobj__90)) __PYX_ERR(2, 311, __pyx_L1_error)
       ^
    In file included from /mnt/e15/schwarz/software/python3/install/include/python3.8/compile.h:5:0,
                     from /mnt/e15/schwarz/software/python3/install/include/python3.8/Python.h:138,
                     from numpy/random/mtrand/mtrand.c:4:
    /mnt/e15/schwarz/software/python3/install/include/python3.8/code.h:122:28: note: expected ‘int’ but argument is of type ‘struct PyObject *’
     PyAPI_FUNC(PyCodeObject *) PyCode_New(
                                ^
    numpy/random/mtrand/mtrand.c:40436:3: error: too few arguments to function ‘PyCode_New’
       __pyx_codeobj__90 = (PyObject*)__Pyx_PyCode_New(4, 0, 12, 0, CO_OPTIMIZED|CO_NEWLOCALS, __pyx_empty_bytes, __pyx_empty_tuple, __pyx_empty_tuple, __pyx_tuple__89, __pyx_empty_tuple, __pyx_empty_tuple, __pyx_kp_s_randint_helpers_pxi, __pyx_n_s_rand_uint16, 311, __pyx_empty_bytes); if (unlikely(!__pyx_codeobj__90)) __PYX_ERR(2, 311, __pyx_L1_error)
       ^
    In file included from /mnt/e15/schwarz/software/python3/install/include/python3.8/compile.h:5:0,
                     from /mnt/e15/schwarz/software/python3/install/include/python3.8/Python.h:138,
                     from numpy/random/mtrand/mtrand.c:4:
    /mnt/e15/schwarz/software/python3/install/include/python3.8/code.h:122:28: note: declared here
     PyAPI_FUNC(PyCodeObject *) PyCode_New(
                                ^
    numpy/random/mtrand/mtrand.c:40448:3: warning: passing argument 6 of ‘PyCode_New’ makes integer from pointer without a cast [enabled by default]
       __pyx_codeobj__92 = (PyObject*)__Pyx_PyCode_New(4, 0, 12, 0, CO_OPTIMIZED|CO_NEWLOCALS, __pyx_empty_bytes, __pyx_empty_tuple, __pyx_empty_tuple, __pyx_tuple__91, __pyx_empty_tuple, __pyx_empty_tuple, __pyx_kp_s_randint_helpers_pxi, __pyx_n_s_rand_uint32, 362, __pyx_empty_bytes); if (unlikely(!__pyx_codeobj__92)) __PYX_ERR(2, 362, __pyx_L1_error)
       ^
    In file included from /mnt/e15/schwarz/software/python3/install/include/python3.8/compile.h:5:0,
                     from /mnt/e15/schwarz/software/python3/install/include/python3.8/Python.h:138,
                     from numpy/random/mtrand/mtrand.c:4:
    /mnt/e15/schwarz/software/python3/install/include/python3.8/code.h:122:28: note: expected ‘int’ but argument is of type ‘struct PyObject *’
     PyAPI_FUNC(PyCodeObject *) PyCode_New(
                                ^
    numpy/random/mtrand/mtrand.c:40448:3: warning: passing argument 14 of ‘PyCode_New’ makes pointer from integer without a cast [enabled by default]
       __pyx_codeobj__92 = (PyObject*)__Pyx_PyCode_New(4, 0, 12, 0, CO_OPTIMIZED|CO_NEWLOCALS, __pyx_empty_bytes, __pyx_empty_tuple, __pyx_empty_tuple, __pyx_tuple__91, __pyx_empty_tuple, __pyx_empty_tuple, __pyx_kp_s_randint_helpers_pxi, __pyx_n_s_rand_uint32, 362, __pyx_empty_bytes); if (unlikely(!__pyx_codeobj__92)) __PYX_ERR(2, 362, __pyx_L1_error)
       ^
    In file included from /mnt/e15/schwarz/software/python3/install/include/python3.8/compile.h:5:0,
                     from /mnt/e15/schwarz/software/python3/install/include/python3.8/Python.h:138,
                     from numpy/random/mtrand/mtrand.c:4:
    /mnt/e15/schwarz/software/python3/install/include/python3.8/code.h:122:28: note: expected ‘struct PyObject *’ but argument is of type ‘int’
     PyAPI_FUNC(PyCodeObject *) PyCode_New(
                                ^
    numpy/random/mtrand/mtrand.c:40448:3: warning: passing argument 15 of ‘PyCode_New’ makes integer from pointer without a cast [enabled by default]
       __pyx_codeobj__92 = (PyObject*)__Pyx_PyCode_New(4, 0, 12, 0, CO_OPTIMIZED|CO_NEWLOCALS, __pyx_empty_bytes, __pyx_empty_tuple, __pyx_empty_tuple, __pyx_tuple__91, __pyx_empty_tuple, __pyx_empty_tuple, __pyx_kp_s_randint_helpers_pxi, __pyx_n_s_rand_uint32, 362, __pyx_empty_bytes); if (unlikely(!__pyx_codeobj__92)) __PYX_ERR(2, 362, __pyx_L1_error)
       ^
    In file included from /mnt/e15/schwarz/software/python3/install/include/python3.8/compile.h:5:0,
                     from /mnt/e15/schwarz/software/python3/install/include/python3.8/Python.h:138,
                     from numpy/random/mtrand/mtrand.c:4:
    /mnt/e15/schwarz/software/python3/install/include/python3.8/code.h:122:28: note: expected ‘int’ but argument is of type ‘struct PyObject *’
     PyAPI_FUNC(PyCodeObject *) PyCode_New(
                                ^
    numpy/random/mtrand/mtrand.c:40448:3: error: too few arguments to function ‘PyCode_New’
       __pyx_codeobj__92 = (PyObject*)__Pyx_PyCode_New(4, 0, 12, 0, CO_OPTIMIZED|CO_NEWLOCALS, __pyx_empty_bytes, __pyx_empty_tuple, __pyx_empty_tuple, __pyx_tuple__91, __pyx_empty_tuple, __pyx_empty_tuple, __pyx_kp_s_randint_helpers_pxi, __pyx_n_s_rand_uint32, 362, __pyx_empty_bytes); if (unlikely(!__pyx_codeobj__92)) __PYX_ERR(2, 362, __pyx_L1_error)
       ^
    In file included from /mnt/e15/schwarz/software/python3/install/include/python3.8/compile.h:5:0,
                     from /mnt/e15/schwarz/software/python3/install/include/python3.8/Python.h:138,
                     from numpy/random/mtrand/mtrand.c:4:
    /mnt/e15/schwarz/software/python3/install/include/python3.8/code.h:122:28: note: declared here
     PyAPI_FUNC(PyCodeObject *) PyCode_New(
                                ^
    numpy/random/mtrand/mtrand.c:40460:3: warning: passing argument 6 of ‘PyCode_New’ makes integer from pointer without a cast [enabled by default]
       __pyx_codeobj__94 = (PyObject*)__Pyx_PyCode_New(4, 0, 12, 0, CO_OPTIMIZED|CO_NEWLOCALS, __pyx_empty_bytes, __pyx_empty_tuple, __pyx_empty_tuple, __pyx_tuple__93, __pyx_empty_tuple, __pyx_empty_tuple, __pyx_kp_s_randint_helpers_pxi, __pyx_n_s_rand_uint64, 413, __pyx_empty_bytes); if (unlikely(!__pyx_codeobj__94)) __PYX_ERR(2, 413, __pyx_L1_error)
       ^
    In file included from /mnt/e15/schwarz/software/python3/install/include/python3.8/compile.h:5:0,
                     from /mnt/e15/schwarz/software/python3/install/include/python3.8/Python.h:138,
                     from numpy/random/mtrand/mtrand.c:4:
    /mnt/e15/schwarz/software/python3/install/include/python3.8/code.h:122:28: note: expected ‘int’ but argument is of type ‘struct PyObject *’
     PyAPI_FUNC(PyCodeObject *) PyCode_New(
                                ^
    numpy/random/mtrand/mtrand.c:40460:3: warning: passing argument 14 of ‘PyCode_New’ makes pointer from integer without a cast [enabled by default]
       __pyx_codeobj__94 = (PyObject*)__Pyx_PyCode_New(4, 0, 12, 0, CO_OPTIMIZED|CO_NEWLOCALS, __pyx_empty_bytes, __pyx_empty_tuple, __pyx_empty_tuple, __pyx_tuple__93, __pyx_empty_tuple, __pyx_empty_tuple, __pyx_kp_s_randint_helpers_pxi, __pyx_n_s_rand_uint64, 413, __pyx_empty_bytes); if (unlikely(!__pyx_codeobj__94)) __PYX_ERR(2, 413, __pyx_L1_error)
       ^
    In file included from /mnt/e15/schwarz/software/python3/install/include/python3.8/compile.h:5:0,
                     from /mnt/e15/schwarz/software/python3/install/include/python3.8/Python.h:138,
                     from numpy/random/mtrand/mtrand.c:4:
    /mnt/e15/schwarz/software/python3/install/include/python3.8/code.h:122:28: note: expected ‘struct PyObject *’ but argument is of type ‘int’
     PyAPI_FUNC(PyCodeObject *) PyCode_New(
                                ^
    numpy/random/mtrand/mtrand.c:40460:3: warning: passing argument 15 of ‘PyCode_New’ makes integer from pointer without a cast [enabled by default]
       __pyx_codeobj__94 = (PyObject*)__Pyx_PyCode_New(4, 0, 12, 0, CO_OPTIMIZED|CO_NEWLOCALS, __pyx_empty_bytes, __pyx_empty_tuple, __pyx_empty_tuple, __pyx_tuple__93, __pyx_empty_tuple, __pyx_empty_tuple, __pyx_kp_s_randint_helpers_pxi, __pyx_n_s_rand_uint64, 413, __pyx_empty_bytes); if (unlikely(!__pyx_codeobj__94)) __PYX_ERR(2, 413, __pyx_L1_error)
       ^
    In file included from /mnt/e15/schwarz/software/python3/install/include/python3.8/compile.h:5:0,
                     from /mnt/e15/schwarz/software/python3/install/include/python3.8/Python.h:138,
                     from numpy/random/mtrand/mtrand.c:4:
    /mnt/e15/schwarz/software/python3/install/include/python3.8/code.h:122:28: note: expected ‘int’ but argument is of type ‘struct PyObject *’
     PyAPI_FUNC(PyCodeObject *) PyCode_New(
                                ^
    numpy/random/mtrand/mtrand.c:40460:3: error: too few arguments to function ‘PyCode_New’
       __pyx_codeobj__94 = (PyObject*)__Pyx_PyCode_New(4, 0, 12, 0, CO_OPTIMIZED|CO_NEWLOCALS, __pyx_empty_bytes, __pyx_empty_tuple, __pyx_empty_tuple, __pyx_tuple__93, __pyx_empty_tuple, __pyx_empty_tuple, __pyx_kp_s_randint_helpers_pxi, __pyx_n_s_rand_uint64, 413, __pyx_empty_bytes); if (unlikely(!__pyx_codeobj__94)) __PYX_ERR(2, 413, __pyx_L1_error)
       ^
    In file included from /mnt/e15/schwarz/software/python3/install/include/python3.8/compile.h:5:0,
                     from /mnt/e15/schwarz/software/python3/install/include/python3.8/Python.h:138,
                     from numpy/random/mtrand/mtrand.c:4:
    /mnt/e15/schwarz/software/python3/install/include/python3.8/code.h:122:28: note: declared here
     PyAPI_FUNC(PyCodeObject *) PyCode_New(
                                ^
    numpy/random/mtrand/mtrand.c:40472:3: warning: passing argument 6 of ‘PyCode_New’ makes integer from pointer without a cast [enabled by default]
       __pyx_codeobj__96 = (PyObject*)__Pyx_PyCode_New(2, 0, 3, 0, CO_OPTIMIZED|CO_NEWLOCALS, __pyx_empty_bytes, __pyx_empty_tuple, __pyx_empty_tuple, __pyx_tuple__95, __pyx_empty_tuple, __pyx_empty_tuple, __pyx_kp_s_mtrand_pyx, __pyx_n_s_shape_from_size, 566, __pyx_empty_bytes); if (unlikely(!__pyx_codeobj__96)) __PYX_ERR(0, 566, __pyx_L1_error)
       ^
    In file included from /mnt/e15/schwarz/software/python3/install/include/python3.8/compile.h:5:0,
                     from /mnt/e15/schwarz/software/python3/install/include/python3.8/Python.h:138,
                     from numpy/random/mtrand/mtrand.c:4:
    /mnt/e15/schwarz/software/python3/install/include/python3.8/code.h:122:28: note: expected ‘int’ but argument is of type ‘struct PyObject *’
     PyAPI_FUNC(PyCodeObject *) PyCode_New(
                                ^
    numpy/random/mtrand/mtrand.c:40472:3: warning: passing argument 14 of ‘PyCode_New’ makes pointer from integer without a cast [enabled by default]
       __pyx_codeobj__96 = (PyObject*)__Pyx_PyCode_New(2, 0, 3, 0, CO_OPTIMIZED|CO_NEWLOCALS, __pyx_empty_bytes, __pyx_empty_tuple, __pyx_empty_tuple, __pyx_tuple__95, __pyx_empty_tuple, __pyx_empty_tuple, __pyx_kp_s_mtrand_pyx, __pyx_n_s_shape_from_size, 566, __pyx_empty_bytes); if (unlikely(!__pyx_codeobj__96)) __PYX_ERR(0, 566, __pyx_L1_error)
       ^
    In file included from /mnt/e15/schwarz/software/python3/install/include/python3.8/compile.h:5:0,
                     from /mnt/e15/schwarz/software/python3/install/include/python3.8/Python.h:138,
                     from numpy/random/mtrand/mtrand.c:4:
    /mnt/e15/schwarz/software/python3/install/include/python3.8/code.h:122:28: note: expected ‘struct PyObject *’ but argument is of type ‘int’
     PyAPI_FUNC(PyCodeObject *) PyCode_New(
                                ^
    numpy/random/mtrand/mtrand.c:40472:3: warning: passing argument 15 of ‘PyCode_New’ makes integer from pointer without a cast [enabled by default]
       __pyx_codeobj__96 = (PyObject*)__Pyx_PyCode_New(2, 0, 3, 0, CO_OPTIMIZED|CO_NEWLOCALS, __pyx_empty_bytes, __pyx_empty_tuple, __pyx_empty_tuple, __pyx_tuple__95, __pyx_empty_tuple, __pyx_empty_tuple, __pyx_kp_s_mtrand_pyx, __pyx_n_s_shape_from_size, 566, __pyx_empty_bytes); if (unlikely(!__pyx_codeobj__96)) __PYX_ERR(0, 566, __pyx_L1_error)
       ^
    In file included from /mnt/e15/schwarz/software/python3/install/include/python3.8/compile.h:5:0,
                     from /mnt/e15/schwarz/software/python3/install/include/python3.8/Python.h:138,
                     from numpy/random/mtrand/mtrand.c:4:
    /mnt/e15/schwarz/software/python3/install/include/python3.8/code.h:122:28: note: expected ‘int’ but argument is of type ‘struct PyObject *’
     PyAPI_FUNC(PyCodeObject *) PyCode_New(
                                ^
    numpy/random/mtrand/mtrand.c:40472:3: error: too few arguments to function ‘PyCode_New’
       __pyx_codeobj__96 = (PyObject*)__Pyx_PyCode_New(2, 0, 3, 0, CO_OPTIMIZED|CO_NEWLOCALS, __pyx_empty_bytes, __pyx_empty_tuple, __pyx_empty_tuple, __pyx_tuple__95, __pyx_empty_tuple, __pyx_empty_tuple, __pyx_kp_s_mtrand_pyx, __pyx_n_s_shape_from_size, 566, __pyx_empty_bytes); if (unlikely(!__pyx_codeobj__96)) __PYX_ERR(0, 566, __pyx_L1_error)
       ^
    In file included from /mnt/e15/schwarz/software/python3/install/include/python3.8/compile.h:5:0,
                     from /mnt/e15/schwarz/software/python3/install/include/python3.8/Python.h:138,
                     from numpy/random/mtrand/mtrand.c:4:
    /mnt/e15/schwarz/software/python3/install/include/python3.8/code.h:122:28: note: declared here
     PyAPI_FUNC(PyCodeObject *) PyCode_New(
                                ^
    numpy/random/mtrand/mtrand.c: In function ‘__Pyx_modinit_type_init_code’:
    numpy/random/mtrand/mtrand.c:40560:33: error: ‘PyTypeObject’ has no member named ‘tp_print’
       __pyx_type_6mtrand_RandomState.tp_print = 0;
                                     ^
    numpy/random/mtrand/mtrand.c: In function ‘__Pyx_CreateCodeObjectForTraceback’:
    numpy/random/mtrand/mtrand.c:44554:5: warning: passing argument 6 of ‘PyCode_New’ makes integer from pointer without a cast [enabled by default]
         py_code = __Pyx_PyCode_New(
         ^
    In file included from /mnt/e15/schwarz/software/python3/install/include/python3.8/compile.h:5:0,
                     from /mnt/e15/schwarz/software/python3/install/include/python3.8/Python.h:138,
                     from numpy/random/mtrand/mtrand.c:4:
    /mnt/e15/schwarz/software/python3/install/include/python3.8/code.h:122:28: note: expected ‘int’ but argument is of type ‘struct PyObject *’
     PyAPI_FUNC(PyCodeObject *) PyCode_New(
                                ^
    numpy/random/mtrand/mtrand.c:44554:5: warning: passing argument 14 of ‘PyCode_New’ makes pointer from integer without a cast [enabled by default]
         py_code = __Pyx_PyCode_New(
         ^
    In file included from /mnt/e15/schwarz/software/python3/install/include/python3.8/compile.h:5:0,
                     from /mnt/e15/schwarz/software/python3/install/include/python3.8/Python.h:138,
                     from numpy/random/mtrand/mtrand.c:4:
    /mnt/e15/schwarz/software/python3/install/include/python3.8/code.h:122:28: note: expected ‘struct PyObject *’ but argument is of type ‘int’
     PyAPI_FUNC(PyCodeObject *) PyCode_New(
                                ^
    numpy/random/mtrand/mtrand.c:44554:5: warning: passing argument 15 of ‘PyCode_New’ makes integer from pointer without a cast [enabled by default]
         py_code = __Pyx_PyCode_New(
         ^
    In file included from /mnt/e15/schwarz/software/python3/install/include/python3.8/compile.h:5:0,
                     from /mnt/e15/schwarz/software/python3/install/include/python3.8/Python.h:138,
                     from numpy/random/mtrand/mtrand.c:4:
    /mnt/e15/schwarz/software/python3/install/include/python3.8/code.h:122:28: note: expected ‘int’ but argument is of type ‘struct PyObject *’
     PyAPI_FUNC(PyCodeObject *) PyCode_New(
                                ^
    numpy/random/mtrand/mtrand.c:44554:5: error: too few arguments to function ‘PyCode_New’
         py_code = __Pyx_PyCode_New(
         ^
    In file included from /mnt/e15/schwarz/software/python3/install/include/python3.8/compile.h:5:0,
                     from /mnt/e15/schwarz/software/python3/install/include/python3.8/Python.h:138,
                     from numpy/random/mtrand/mtrand.c:4:
    /mnt/e15/schwarz/software/python3/install/include/python3.8/code.h:122:28: note: declared here
     PyAPI_FUNC(PyCodeObject *) PyCode_New(
                                ^
    Running from numpy source directory.
    /tmp/easy_install-e3i2z3zg/numpy-1.16.4/setup.py:390: UserWarning: Unrecognized setuptools command, proceeding with generating Cython sources and expanding templates
      run_build = parse_setuppy_commands()
    /tmp/easy_install-e3i2z3zg/numpy-1.16.4/numpy/distutils/misc_util.py:476: SyntaxWarning: "is" with a literal. Did you mean "=="?
      return is_string(s) and ('*' in s or '?' is s)
    /tmp/easy_install-e3i2z3zg/numpy-1.16.4/numpy/distutils/system_info.py:639: UserWarning:
        Atlas (http://math-atlas.sourceforge.net/) libraries not found.
        Directories to search for the libraries can be specified in the
        numpy/distutils/site.cfg file (section [atlas]) or by setting
        the ATLAS environment variable.
      self.calc_info()
    /tmp/easy_install-e3i2z3zg/numpy-1.16.4/numpy/distutils/system_info.py:639: UserWarning:
        Blas (http://www.netlib.org/blas/) libraries not found.
        Directories to search for the libraries can be specified in the
        numpy/distutils/site.cfg file (section [blas]) or by setting
        the BLAS environment variable.
      self.calc_info()
    /tmp/easy_install-e3i2z3zg/numpy-1.16.4/numpy/distutils/system_info.py:639: UserWarning:
        Blas (http://www.netlib.org/blas/) sources not found.
        Directories to search for the sources can be specified in the
        numpy/distutils/site.cfg file (section [blas_src]) or by setting
        the BLAS_SRC environment variable.
      self.calc_info()
    /tmp/easy_install-e3i2z3zg/numpy-1.16.4/numpy/distutils/system_info.py:639: UserWarning:
        Lapack (http://www.netlib.org/lapack/) libraries not found.
        Directories to search for the libraries can be specified in the
        numpy/distutils/site.cfg file (section [lapack]) or by setting
        the LAPACK environment variable.
      self.calc_info()
    /tmp/easy_install-e3i2z3zg/numpy-1.16.4/numpy/distutils/system_info.py:639: UserWarning:
        Lapack (http://www.netlib.org/lapack/) sources not found.
        Directories to search for the sources can be specified in the
        numpy/distutils/site.cfg file (section [lapack_src]) or by setting
        the LAPACK_SRC environment variable.
      self.calc_info()
    /mnt/e15/schwarz/software/python3/install/lib/python3.8/distutils/dist.py:274: UserWarning: Unknown distribution option: 'define_macros'
      warnings.warn(msg)
    /tmp/easy_install-e3i2z3zg/numpy-1.16.4/numpy/distutils/fcompiler/__init__.py:530: UserWarning: LDFLAGS is used as is, not appended to flags already defined by numpy.distutils! Use NPY_DISTUTILS_APPEND_FLAGS=1 to obtain appending behavior instead (this behavior will become default in a future release).
      linker_so_flags = self.flag_vars.linker_so
    /tmp/easy_install-e3i2z3zg/numpy-1.16.4/numpy/distutils/fcompiler/__init__.py:540: UserWarning: LDFLAGS is used as is, not appended to flags already defined by numpy.distutils! Use NPY_DISTUTILS_APPEND_FLAGS=1 to obtain appending behavior instead (this behavior will become default in a future release).
      linker_exe_flags = self.flag_vars.linker_exe
    Traceback (most recent call last):
      File "/tmp/easy_install-e3i2z3zg/numpy-1.16.4/numpy/distutils/unixccompiler.py", line 57, in UnixCCompiler__compile
      File "/tmp/easy_install-e3i2z3zg/numpy-1.16.4/numpy/distutils/ccompiler.py", line 92, in <lambda>
      File "/tmp/easy_install-e3i2z3zg/numpy-1.16.4/numpy/distutils/ccompiler.py", line 171, in CCompiler_spawn
    distutils.errors.DistutilsExecError: Command "gcc -pthread -Wno-unused-result -Wsign-compare -DNDEBUG -g -fwrapv -O3 -Wall -I/mnt/e15/schwarz/software/python3/install/include -I/mnt/e15/schwarz/software/python3/install -I/mnt/e15/schwarz/software/python3/install/lib/libffi-3.0.13-rc2/include -fPIC -D_FILE_OFFSET_BITS=64 -D_LARGEFILE_SOURCE=1 -D_LARGEFILE64_SOURCE=1 -Inumpy/core/include -Ibuild/src.linux-x86_64-3.8/numpy/core/include/numpy -Inumpy/core/src/common -Inumpy/core/src -Inumpy/core -Inumpy/core/src/npymath -Inumpy/core/src/multiarray -Inumpy/core/src/umath -Inumpy/core/src/npysort -I/mnt/e15/schwarz/software/python3/install/include/python3.8 -Ibuild/src.linux-x86_64-3.8/numpy/core/src/common -Ibuild/src.linux-x86_64-3.8/numpy/core/src/npymath -Ibuild/src.linux-x86_64-3.8/numpy/core/src/common -Ibuild/src.linux-x86_64-3.8/numpy/core/src/npymath -c numpy/random/mtrand/mtrand.c -o build/temp.linux-x86_64-3.8/numpy/random/mtrand/mtrand.o -MMD -MF build/temp.linux-x86_64-3.8/numpy/random/mtrand/mtrand.o.d" failed with exit status 1
    
    During handling of the above exception, another exception occurred:
    
    Traceback (most recent call last):
      File "/mnt/e15/schwarz/software/python3/install/lib/python3.8/distutils/core.py", line 148, in setup
        dist.run_commands()
      File "/mnt/e15/schwarz/software/python3/install/lib/python3.8/distutils/dist.py", line 966, in run_commands
        self.run_command(cmd)
      File "/mnt/e15/schwarz/software/python3/install/lib/python3.8/distutils/dist.py", line 985, in run_command
        cmd_obj.run()
      File "/mnt/e15/schwarz/software/python3/install/lib/python3.8/site-packages/setuptools/command/bdist_egg.py", line 172, in run
        cmd = self.call_command('install_lib', warn_dir=0)
      File "/mnt/e15/schwarz/software/python3/install/lib/python3.8/site-packages/setuptools/command/bdist_egg.py", line 158, in call_command
        self.run_command(cmdname)
      File "/mnt/e15/schwarz/software/python3/install/lib/python3.8/distutils/cmd.py", line 313, in run_command
        self.distribution.run_command(command)
      File "/mnt/e15/schwarz/software/python3/install/lib/python3.8/distutils/dist.py", line 985, in run_command
        cmd_obj.run()
      File "/mnt/e15/schwarz/software/python3/install/lib/python3.8/site-packages/setuptools/command/install_lib.py", line 11, in run
        self.build()
      File "/mnt/e15/schwarz/software/python3/install/lib/python3.8/distutils/command/install_lib.py", line 107, in build
        self.run_command('build_ext')
      File "/mnt/e15/schwarz/software/python3/install/lib/python3.8/distutils/cmd.py", line 313, in run_command
        self.distribution.run_command(command)
      File "/mnt/e15/schwarz/software/python3/install/lib/python3.8/distutils/dist.py", line 985, in run_command
        cmd_obj.run()
      File "/tmp/easy_install-e3i2z3zg/numpy-1.16.4/numpy/distutils/command/build_ext.py", line 261, in run
      File "/mnt/e15/schwarz/software/python3/install/lib/python3.8/distutils/command/build_ext.py", line 449, in build_extensions
        self._build_extensions_serial()
      File "/mnt/e15/schwarz/software/python3/install/lib/python3.8/distutils/command/build_ext.py", line 474, in _build_extensions_serial
        self.build_extension(ext)
      File "/tmp/easy_install-e3i2z3zg/numpy-1.16.4/numpy/distutils/command/build_ext.py", line 373, in build_extension
      File "/tmp/easy_install-e3i2z3zg/numpy-1.16.4/numpy/distutils/ccompiler.py", line 92, in <lambda>
      File "/tmp/easy_install-e3i2z3zg/numpy-1.16.4/numpy/distutils/ccompiler.py", line 358, in CCompiler_compile
      File "/mnt/e15/schwarz/software/python3/install/lib/python3.8/multiprocessing/pool.py", line 364, in map
        return self._map_async(func, iterable, mapstar, chunksize).get()
      File "/mnt/e15/schwarz/software/python3/install/lib/python3.8/multiprocessing/pool.py", line 768, in get
        raise self._value
      File "/mnt/e15/schwarz/software/python3/install/lib/python3.8/multiprocessing/pool.py", line 125, in worker
        result = (True, func(*args, **kwds))
      File "/mnt/e15/schwarz/software/python3/install/lib/python3.8/multiprocessing/pool.py", line 48, in mapstar
        return list(map(*args))
      File "/tmp/easy_install-e3i2z3zg/numpy-1.16.4/numpy/distutils/ccompiler.py", line 323, in single_compile
      File "/tmp/easy_install-e3i2z3zg/numpy-1.16.4/numpy/distutils/ccompiler.py", line 92, in <lambda>
      File "/tmp/easy_install-e3i2z3zg/numpy-1.16.4/numpy/distutils/unixccompiler.py", line 61, in UnixCCompiler__compile
    distutils.errors.CompileError: Command "gcc -pthread -Wno-unused-result -Wsign-compare -DNDEBUG -g -fwrapv -O3 -Wall -I/mnt/e15/schwarz/software/python3/install/include -I/mnt/e15/schwarz/software/python3/install -I/mnt/e15/schwarz/software/python3/install/lib/libffi-3.0.13-rc2/include -fPIC -D_FILE_OFFSET_BITS=64 -D_LARGEFILE_SOURCE=1 -D_LARGEFILE64_SOURCE=1 -Inumpy/core/include -Ibuild/src.linux-x86_64-3.8/numpy/core/include/numpy -Inumpy/core/src/common -Inumpy/core/src -Inumpy/core -Inumpy/core/src/npymath -Inumpy/core/src/multiarray -Inumpy/core/src/umath -Inumpy/core/src/npysort -I/mnt/e15/schwarz/software/python3/install/include/python3.8 -Ibuild/src.linux-x86_64-3.8/numpy/core/src/common -Ibuild/src.linux-x86_64-3.8/numpy/core/src/npymath -Ibuild/src.linux-x86_64-3.8/numpy/core/src/common -Ibuild/src.linux-x86_64-3.8/numpy/core/src/npymath -c numpy/random/mtrand/mtrand.c -o build/temp.linux-x86_64-3.8/numpy/random/mtrand/mtrand.o -MMD -MF build/temp.linux-x86_64-3.8/numpy/random/mtrand/mtrand.o.d" failed with exit status 1
    
    During handling of the above exception, another exception occurred:
    
    Traceback (most recent call last):
      File "/mnt/e15/schwarz/software/python3/install/lib/python3.8/site-packages/setuptools/sandbox.py", line 154, in save_modules
        yield saved
      File "/mnt/e15/schwarz/software/python3/install/lib/python3.8/site-packages/setuptools/sandbox.py", line 195, in setup_context
        yield
      File "/mnt/e15/schwarz/software/python3/install/lib/python3.8/site-packages/setuptools/sandbox.py", line 250, in run_setup
        _execfile(setup_script, ns)
      File "/mnt/e15/schwarz/software/python3/install/lib/python3.8/site-packages/setuptools/sandbox.py", line 45, in _execfile
        exec(code, globals, locals)
      File "/tmp/easy_install-e3i2z3zg/numpy-1.16.4/setup.py", line 415, in <module>
      File "/tmp/easy_install-e3i2z3zg/numpy-1.16.4/setup.py", line 407, in setup_package
      File "/tmp/easy_install-e3i2z3zg/numpy-1.16.4/numpy/distutils/core.py", line 171, in setup
      File "/mnt/e15/schwarz/software/python3/install/lib/python3.8/site-packages/setuptools/__init__.py", line 145, in setup
        return distutils.core.setup(**attrs)
      File "/mnt/e15/schwarz/software/python3/install/lib/python3.8/distutils/core.py", line 163, in setup
        raise SystemExit("error: " + str(msg))
    SystemExit: error: Command "gcc -pthread -Wno-unused-result -Wsign-compare -DNDEBUG -g -fwrapv -O3 -Wall -I/mnt/e15/schwarz/software/python3/install/include -I/mnt/e15/schwarz/software/python3/install -I/mnt/e15/schwarz/software/python3/install/lib/libffi-3.0.13-rc2/include -fPIC -D_FILE_OFFSET_BITS=64 -D_LARGEFILE_SOURCE=1 -D_LARGEFILE64_SOURCE=1 -Inumpy/core/include -Ibuild/src.linux-x86_64-3.8/numpy/core/include/numpy -Inumpy/core/src/common -Inumpy/core/src -Inumpy/core -Inumpy/core/src/npymath -Inumpy/core/src/multiarray -Inumpy/core/src/umath -Inumpy/core/src/npysort -I/mnt/e15/schwarz/software/python3/install/include/python3.8 -Ibuild/src.linux-x86_64-3.8/numpy/core/src/common -Ibuild/src.linux-x86_64-3.8/numpy/core/src/npymath -Ibuild/src.linux-x86_64-3.8/numpy/core/src/common -Ibuild/src.linux-x86_64-3.8/numpy/core/src/npymath -c numpy/random/mtrand/mtrand.c -o build/temp.linux-x86_64-3.8/numpy/random/mtrand/mtrand.o -MMD -MF build/temp.linux-x86_64-3.8/numpy/random/mtrand/mtrand.o.d" failed with exit status 1
    
    During handling of the above exception, another exception occurred:
    
    Traceback (most recent call last):
      File "/mnt/e15/schwarz/software/python3/install/lib/python3.8/site-packages/setuptools/command/easy_install.py", line 1144, in run_setup
        run_setup(setup_script, args)
      File "/mnt/e15/schwarz/software/python3/install/lib/python3.8/site-packages/setuptools/sandbox.py", line 253, in run_setup
        raise
      File "/mnt/e15/schwarz/software/python3/install/lib/python3.8/contextlib.py", line 131, in __exit__
        self.gen.throw(type, value, traceback)
      File "/mnt/e15/schwarz/software/python3/install/lib/python3.8/site-packages/setuptools/sandbox.py", line 195, in setup_context
        yield
      File "/mnt/e15/schwarz/software/python3/install/lib/python3.8/contextlib.py", line 131, in __exit__
        self.gen.throw(type, value, traceback)
      File "/mnt/e15/schwarz/software/python3/install/lib/python3.8/site-packages/setuptools/sandbox.py", line 166, in save_modules
        saved_exc.resume()
      File "/mnt/e15/schwarz/software/python3/install/lib/python3.8/site-packages/setuptools/sandbox.py", line 141, in resume
        six.reraise(type, exc, self._tb)
      File "/mnt/e15/schwarz/software/python3/install/lib/python3.8/site-packages/setuptools/_vendor/six.py", line 685, in reraise
        raise value.with_traceback(tb)
      File "/mnt/e15/schwarz/software/python3/install/lib/python3.8/site-packages/setuptools/sandbox.py", line 154, in save_modules
        yield saved
      File "/mnt/e15/schwarz/software/python3/install/lib/python3.8/site-packages/setuptools/sandbox.py", line 195, in setup_context
        yield
      File "/mnt/e15/schwarz/software/python3/install/lib/python3.8/site-packages/setuptools/sandbox.py", line 250, in run_setup
        _execfile(setup_script, ns)
      File "/mnt/e15/schwarz/software/python3/install/lib/python3.8/site-packages/setuptools/sandbox.py", line 45, in _execfile
        exec(code, globals, locals)
      File "/tmp/easy_install-e3i2z3zg/numpy-1.16.4/setup.py", line 415, in <module>
      File "/tmp/easy_install-e3i2z3zg/numpy-1.16.4/setup.py", line 407, in setup_package
      File "/tmp/easy_install-e3i2z3zg/numpy-1.16.4/numpy/distutils/core.py", line 171, in setup
      File "/mnt/e15/schwarz/software/python3/install/lib/python3.8/site-packages/setuptools/__init__.py", line 145, in setup
        return distutils.core.setup(**attrs)
      File "/mnt/e15/schwarz/software/python3/install/lib/python3.8/distutils/core.py", line 163, in setup
        raise SystemExit("error: " + str(msg))
    SystemExit: error: Command "gcc -pthread -Wno-unused-result -Wsign-compare -DNDEBUG -g -fwrapv -O3 -Wall -I/mnt/e15/schwarz/software/python3/install/include -I/mnt/e15/schwarz/software/python3/install -I/mnt/e15/schwarz/software/python3/install/lib/libffi-3.0.13-rc2/include -fPIC -D_FILE_OFFSET_BITS=64 -D_LARGEFILE_SOURCE=1 -D_LARGEFILE64_SOURCE=1 -Inumpy/core/include -Ibuild/src.linux-x86_64-3.8/numpy/core/include/numpy -Inumpy/core/src/common -Inumpy/core/src -Inumpy/core -Inumpy/core/src/npymath -Inumpy/core/src/multiarray -Inumpy/core/src/umath -Inumpy/core/src/npysort -I/mnt/e15/schwarz/software/python3/install/include/python3.8 -Ibuild/src.linux-x86_64-3.8/numpy/core/src/common -Ibuild/src.linux-x86_64-3.8/numpy/core/src/npymath -Ibuild/src.linux-x86_64-3.8/numpy/core/src/common -Ibuild/src.linux-x86_64-3.8/numpy/core/src/npymath -c numpy/random/mtrand/mtrand.c -o build/temp.linux-x86_64-3.8/numpy/random/mtrand/mtrand.o -MMD -MF build/temp.linux-x86_64-3.8/numpy/random/mtrand/mtrand.o.d" failed with exit status 1
    
    During handling of the above exception, another exception occurred:
    
    Traceback (most recent call last):
      File "<string>", line 1, in <module>
      File "/tmp/pip-install-opvu8doa/matplotlib/setup.py", line 262, in <module>
        setup(
      File "/mnt/e15/schwarz/software/python3/install/lib/python3.8/site-packages/setuptools/__init__.py", line 144, in setup
        _install_setup_requires(attrs)
      File "/mnt/e15/schwarz/software/python3/install/lib/python3.8/site-packages/setuptools/__init__.py", line 139, in _install_setup_requires
        dist.fetch_build_eggs(dist.setup_requires)
      File "/mnt/e15/schwarz/software/python3/install/lib/python3.8/site-packages/setuptools/dist.py", line 721, in fetch_build_eggs
        resolved_dists = pkg_resources.working_set.resolve(
      File "/mnt/e15/schwarz/software/python3/install/lib/python3.8/site-packages/pkg_resources/__init__.py", line 780, in resolve
        dist = best[req.key] = env.best_match(
      File "/mnt/e15/schwarz/software/python3/install/lib/python3.8/site-packages/pkg_resources/__init__.py", line 1065, in best_match
        return self.obtain(req, installer)
      File "/mnt/e15/schwarz/software/python3/install/lib/python3.8/site-packages/pkg_resources/__init__.py", line 1077, in obtain
        return installer(requirement)
      File "/mnt/e15/schwarz/software/python3/install/lib/python3.8/site-packages/setuptools/dist.py", line 791, in fetch_build_egg
        return cmd.easy_install(req)
      File "/mnt/e15/schwarz/software/python3/install/lib/python3.8/site-packages/setuptools/command/easy_install.py", line 679, in easy_install
        return self.install_item(spec, dist.location, tmpdir, deps)
      File "/mnt/e15/schwarz/software/python3/install/lib/python3.8/site-packages/setuptools/command/easy_install.py", line 705, in install_item
        dists = self.install_eggs(spec, download, tmpdir)
      File "/mnt/e15/schwarz/software/python3/install/lib/python3.8/site-packages/setuptools/command/easy_install.py", line 890, in install_eggs
        return self.build_and_install(setup_script, setup_base)
      File "/mnt/e15/schwarz/software/python3/install/lib/python3.8/site-packages/setuptools/command/easy_install.py", line 1158, in build_and_install
        self.run_setup(setup_script, setup_base, args)
      File "/mnt/e15/schwarz/software/python3/install/lib/python3.8/site-packages/setuptools/command/easy_install.py", line 1146, in run_setup
        raise DistutilsError("Setup script exited with %s" % (v.args[0],))
    distutils.errors.DistutilsError: Setup script exited with error: Command "gcc -pthread -Wno-unused-result -Wsign-compare -DNDEBUG -g -fwrapv -O3 -Wall -I/mnt/e15/schwarz/software/python3/install/include -I/mnt/e15/schwarz/software/python3/install -I/mnt/e15/schwarz/software/python3/install/lib/libffi-3.0.13-rc2/include -fPIC -D_FILE_OFFSET_BITS=64 -D_LARGEFILE_SOURCE=1 -D_LARGEFILE64_SOURCE=1 -Inumpy/core/include -Ibuild/src.linux-x86_64-3.8/numpy/core/include/numpy -Inumpy/core/src/common -Inumpy/core/src -Inumpy/core -Inumpy/core/src/npymath -Inumpy/core/src/multiarray -Inumpy/core/src/umath -Inumpy/core/src/npysort -I/mnt/e15/schwarz/software/python3/install/include/python3.8 -Ibuild/src.linux-x86_64-3.8/numpy/core/src/common -Ibuild/src.linux-x86_64-3.8/numpy/core/src/npymath -Ibuild/src.linux-x86_64-3.8/numpy/core/src/common -Ibuild/src.linux-x86_64-3.8/numpy/core/src/npymath -c numpy/random/mtrand/mtrand.c -o build/temp.linux-x86_64-3.8/numpy/random/mtrand/mtrand.o -MMD -MF build/temp.linux-x86_64-3.8/numpy/random/mtrand/mtrand.o.d" failed with exit status 1
    ----------------------------------------
ERROR: Command "python setup.py egg_info" failed with error code 1 in /tmp/pip-install-opvu8doa/matplotlib/
